{"/home/travis/build/npmtest/node-npmtest-sails-mongo/test.js":{"path":"/home/travis/build/npmtest/node-npmtest-sails-mongo/test.js","s":{"1":2,"2":2,"3":2,"4":2,"5":2,"6":2,"7":2,"8":1,"9":2,"10":2,"11":1,"12":1,"13":1,"14":1,"15":2,"16":2,"17":2,"18":2,"19":1,"20":1,"21":2,"22":2,"23":2,"24":1,"25":1,"26":1,"27":1,"28":1,"29":1,"30":1,"31":1,"32":1,"33":1,"34":1,"35":1,"36":1,"37":1,"38":1,"39":2,"40":2,"41":1,"42":2,"43":2,"44":1,"45":2,"46":2,"47":1,"48":2,"49":2,"50":1,"51":1,"52":1,"53":1,"54":1},"b":{"1":[2,1,1,1],"2":[1,1,1,1],"3":[1,1],"4":[1,1],"5":[1,1],"6":[1,1],"7":[1,1],"8":[1,1],"9":[1,1],"10":[1,1,1],"11":[1,1],"12":[1,1],"13":[1,1],"14":[1,1],"15":[1,1],"16":[1,1],"17":[1,1]},"f":{"1":2,"2":2,"3":2,"4":2,"5":2,"6":1,"7":1,"8":1,"9":2,"10":2,"11":2,"12":2,"13":1},"fnMap":{"1":{"name":"(anonymous_1)","line":12,"loc":{"start":{"line":12,"column":1},"end":{"line":12,"column":13}}},"2":{"name":"(anonymous_2)","line":19,"loc":{"start":{"line":19,"column":5},"end":{"line":19,"column":17}}},"3":{"name":"(anonymous_3)","line":23,"loc":{"start":{"line":23,"column":24},"end":{"line":23,"column":36}}},"4":{"name":"(anonymous_4)","line":61,"loc":{"start":{"line":61,"column":5},"end":{"line":61,"column":17}}},"5":{"name":"(anonymous_5)","line":82,"loc":{"start":{"line":82,"column":5},"end":{"line":82,"column":17}}},"6":{"name":"(anonymous_6)","line":91,"loc":{"start":{"line":91,"column":77},"end":{"line":94,"column":10}}},"7":{"name":"(anonymous_7)","line":112,"loc":{"start":{"line":112,"column":83},"end":{"line":115,"column":10}},"skip":true},"8":{"name":"(anonymous_8)","line":123,"loc":{"start":{"line":123,"column":77},"end":{"line":126,"column":10}},"skip":true},"9":{"name":"(anonymous_9)","line":139,"loc":{"start":{"line":139,"column":12},"end":{"line":139,"column":40}},"skip":true},"10":{"name":"(anonymous_10)","line":147,"loc":{"start":{"line":147,"column":77},"end":{"line":150,"column":10}},"skip":true},"11":{"name":"(anonymous_11)","line":158,"loc":{"start":{"line":158,"column":83},"end":{"line":161,"column":10}},"skip":true},"12":{"name":"(anonymous_12)","line":169,"loc":{"start":{"line":169,"column":79},"end":{"line":172,"column":10}},"skip":true},"13":{"name":"(anonymous_13)","line":180,"loc":{"start":{"line":180,"column":75},"end":{"line":183,"column":10}},"skip":true}},"statementMap":{"1":{"start":{"line":12,"column":0},"end":{"line":195,"column":5}},"2":{"start":{"line":14,"column":4},"end":{"line":14,"column":14}},"3":{"start":{"line":19,"column":4},"end":{"line":56,"column":9}},"4":{"start":{"line":21,"column":8},"end":{"line":21,"column":19}},"5":{"start":{"line":23,"column":8},"end":{"line":35,"column":13}},"6":{"start":{"line":24,"column":12},"end":{"line":34,"column":13}},"7":{"start":{"line":25,"column":16},"end":{"line":28,"column":30}},"8":{"start":{"line":30,"column":16},"end":{"line":33,"column":27}},"9":{"start":{"line":37,"column":8},"end":{"line":39,"column":21}},"10":{"start":{"line":40,"column":8},"end":{"line":53,"column":9}},"11":{"start":{"line":43,"column":12},"end":{"line":46,"column":14}},"12":{"start":{"line":47,"column":12},"end":{"line":47,"column":18}},"13":{"start":{"line":50,"column":12},"end":{"line":51,"column":46}},"14":{"start":{"line":52,"column":12},"end":{"line":52,"column":18}},"15":{"start":{"line":55,"column":8},"end":{"line":55,"column":35}},"16":{"start":{"line":61,"column":4},"end":{"line":63,"column":9}},"17":{"start":{"line":62,"column":8},"end":{"line":62,"column":15}},"18":{"start":{"line":64,"column":4},"end":{"line":77,"column":5}},"19":{"start":{"line":70,"column":8},"end":{"line":70,"column":14}},"20":{"start":{"line":76,"column":8},"end":{"line":76,"column":14}},"21":{"start":{"line":82,"column":4},"end":{"line":84,"column":9}},"22":{"start":{"line":83,"column":8},"end":{"line":83,"column":15}},"23":{"start":{"line":85,"column":4},"end":{"line":194,"column":5}},"24":{"start":{"line":91,"column":8},"end":{"line":99,"column":10}},"25":{"start":{"line":98,"column":12},"end":{"line":98,"column":35}},"26":{"start":{"line":102,"column":8},"end":{"line":104,"column":63}},"27":{"start":{"line":105,"column":8},"end":{"line":105,"column":14}},"28":{"start":{"line":112,"column":8},"end":{"line":121,"column":10},"skip":true},"29":{"start":{"line":119,"column":12},"end":{"line":119,"column":55},"skip":true},"30":{"start":{"line":120,"column":12},"end":{"line":120,"column":48},"skip":true},"31":{"start":{"line":123,"column":8},"end":{"line":136,"column":10},"skip":true},"32":{"start":{"line":130,"column":12},"end":{"line":130,"column":76},"skip":true},"33":{"start":{"line":131,"column":12},"end":{"line":131,"column":73},"skip":true},"34":{"start":{"line":132,"column":12},"end":{"line":132,"column":74},"skip":true},"35":{"start":{"line":133,"column":12},"end":{"line":133,"column":79},"skip":true},"36":{"start":{"line":134,"column":12},"end":{"line":134,"column":25},"skip":true},"37":{"start":{"line":135,"column":12},"end":{"line":135,"column":45},"skip":true},"38":{"start":{"line":138,"column":8},"end":{"line":145,"column":14},"skip":true},"39":{"start":{"line":143,"column":16},"end":{"line":143,"column":29},"skip":true},"40":{"start":{"line":144,"column":16},"end":{"line":144,"column":55},"skip":true},"41":{"start":{"line":147,"column":8},"end":{"line":156,"column":10},"skip":true},"42":{"start":{"line":154,"column":12},"end":{"line":154,"column":25},"skip":true},"43":{"start":{"line":155,"column":12},"end":{"line":155,"column":45},"skip":true},"44":{"start":{"line":158,"column":8},"end":{"line":167,"column":10},"skip":true},"45":{"start":{"line":165,"column":12},"end":{"line":165,"column":25},"skip":true},"46":{"start":{"line":166,"column":12},"end":{"line":166,"column":48},"skip":true},"47":{"start":{"line":169,"column":8},"end":{"line":178,"column":10},"skip":true},"48":{"start":{"line":176,"column":12},"end":{"line":176,"column":25},"skip":true},"49":{"start":{"line":177,"column":12},"end":{"line":177,"column":46},"skip":true},"50":{"start":{"line":180,"column":8},"end":{"line":189,"column":10},"skip":true},"51":{"start":{"line":187,"column":12},"end":{"line":187,"column":94},"skip":true},"52":{"start":{"line":188,"column":12},"end":{"line":188,"column":48},"skip":true},"53":{"start":{"line":192,"column":8},"end":{"line":192,"column":35},"skip":true},"54":{"start":{"line":193,"column":8},"end":{"line":193,"column":14},"skip":true}},"branchMap":{"1":{"line":25,"type":"binary-expr","locations":[{"start":{"line":25,"column":23},"end":{"line":25,"column":62}},{"start":{"line":26,"column":20},"end":{"line":26,"column":70}},{"start":{"line":27,"column":20},"end":{"line":27,"column":71}},{"start":{"line":28,"column":20},"end":{"line":28,"column":29}}]},"2":{"line":30,"type":"binary-expr","locations":[{"start":{"line":30,"column":23},"end":{"line":30,"column":37}},{"start":{"line":31,"column":20},"end":{"line":31,"column":61}},{"start":{"line":32,"column":20},"end":{"line":32,"column":70}},{"start":{"line":33,"column":20},"end":{"line":33,"column":26}}]},"3":{"line":37,"type":"cond-expr","locations":[{"start":{"line":38,"column":14},"end":{"line":38,"column":20}},{"start":{"line":39,"column":14},"end":{"line":39,"column":20}}]},"4":{"line":40,"type":"switch","locations":[{"start":{"line":42,"column":8},"end":{"line":47,"column":18}},{"start":{"line":49,"column":8},"end":{"line":52,"column":18}}]},"5":{"line":44,"type":"binary-expr","locations":[{"start":{"line":44,"column":16},"end":{"line":44,"column":44}},{"start":{"line":44,"column":48},"end":{"line":44,"column":66}}]},"6":{"line":50,"type":"binary-expr","locations":[{"start":{"line":50,"column":21},"end":{"line":50,"column":49}},{"start":{"line":50,"column":53},"end":{"line":50,"column":72}}]},"7":{"line":64,"type":"switch","locations":[{"start":{"line":69,"column":4},"end":{"line":70,"column":14}},{"start":{"line":75,"column":4},"end":{"line":76,"column":14}}]},"8":{"line":85,"type":"switch","locations":[{"start":{"line":90,"column":4},"end":{"line":105,"column":14}},{"start":{"line":111,"column":4},"end":{"line":193,"column":14},"skip":true}]},"9":{"line":91,"type":"binary-expr","locations":[{"start":{"line":91,"column":42},"end":{"line":91,"column":73}},{"start":{"line":91,"column":77},"end":{"line":99,"column":9}}]},"10":{"line":102,"type":"binary-expr","locations":[{"start":{"line":102,"column":18},"end":{"line":102,"column":32}},{"start":{"line":103,"column":12},"end":{"line":103,"column":53}},{"start":{"line":104,"column":12},"end":{"line":104,"column":61}}]},"11":{"line":112,"type":"binary-expr","locations":[{"start":{"line":112,"column":45},"end":{"line":112,"column":79},"skip":true},{"start":{"line":112,"column":83},"end":{"line":121,"column":9},"skip":true}]},"12":{"line":123,"type":"binary-expr","locations":[{"start":{"line":123,"column":42},"end":{"line":123,"column":73},"skip":true},{"start":{"line":123,"column":77},"end":{"line":136,"column":9},"skip":true}]},"13":{"line":138,"type":"binary-expr","locations":[{"start":{"line":138,"column":48},"end":{"line":138,"column":85},"skip":true},{"start":{"line":139,"column":12},"end":{"line":145,"column":13},"skip":true}]},"14":{"line":147,"type":"binary-expr","locations":[{"start":{"line":147,"column":42},"end":{"line":147,"column":73},"skip":true},{"start":{"line":147,"column":77},"end":{"line":156,"column":9},"skip":true}]},"15":{"line":158,"type":"binary-expr","locations":[{"start":{"line":158,"column":45},"end":{"line":158,"column":79},"skip":true},{"start":{"line":158,"column":83},"end":{"line":167,"column":9},"skip":true}]},"16":{"line":169,"type":"binary-expr","locations":[{"start":{"line":169,"column":43},"end":{"line":169,"column":75},"skip":true},{"start":{"line":169,"column":79},"end":{"line":178,"column":9},"skip":true}]},"17":{"line":180,"type":"binary-expr","locations":[{"start":{"line":180,"column":41},"end":{"line":180,"column":71},"skip":true},{"start":{"line":180,"column":75},"end":{"line":189,"column":9},"skip":true}]}},"code":["/* istanbul instrument in package npmtest_sails_mongo */","/*jslint","    bitwise: true,","    browser: true,","    maxerr: 8,","    maxlen: 96,","    node: true,","    nomen: true,","    regexp: true,","    stupid: true","*/","(function () {","    'use strict';","    var local;","","","","    // run shared js-env code - pre-init","    (function () {","        // init local","        local = {};","        // init modeJs","        local.modeJs = (function () {","            try {","                return typeof navigator.userAgent === 'string' &&","                    typeof document.querySelector('body') === 'object' &&","                    typeof XMLHttpRequest.prototype.open === 'function' &&","                    'browser';","            } catch (errorCaughtBrowser) {","                return module.exports &&","                    typeof process.versions.node === 'string' &&","                    typeof require('http').createServer === 'function' &&","                    'node';","            }","        }());","        // init global","        local.global = local.modeJs === 'browser'","            ? window","            : global;","        switch (local.modeJs) {","        // re-init local from window.local","        case 'browser':","            local = local.global.utility2.objectSetDefault(","                local.global.utility2_rollup || local.global.local,","                local.global.utility2","            );","            break;","        // re-init local from example.js","        case 'node':","            local = (local.global.utility2_rollup || require('utility2'))","                .requireExampleJsFromReadme();","            break;","        }","        // export local","        local.global.local = local;","    }());","","","","    // run shared js-env code - function","    (function () {","        return;","    }());","    switch (local.modeJs) {","","","","    // run browser js-env code - function","    case 'browser':","        break;","","","","    // run node js-env code - function","    case 'node':","        break;","    }","","","","    // run shared js-env code - post-init","    (function () {","        return;","    }());","    switch (local.modeJs) {","","","","    // run browser js-env code - post-init","    case 'browser':","        local.testCase_browser_nullCase = local.testCase_browser_nullCase || function (","            options,","            onError","        ) {","        /*","         * this function will test browsers's null-case handling-behavior-behavior","         */","            onError(null, options);","        };","","        // run tests","        local.nop(local.modeTest &&","            document.querySelector('#testRunButton1') &&","            document.querySelector('#testRunButton1').click());","        break;","","","","    // run node js-env code - post-init","    /* istanbul ignore next */","    case 'node':","        local.testCase_buildApidoc_default = local.testCase_buildApidoc_default || function (","            options,","            onError","        ) {","        /*","         * this function will test buildApidoc's default handling-behavior-behavior","         */","            options = { modulePathList: module.paths };","            local.buildApidoc(options, onError);","        };","","        local.testCase_buildApp_default = local.testCase_buildApp_default || function (","            options,","            onError","        ) {","        /*","         * this function will test buildApp's default handling-behavior-behavior","         */","            local.testCase_buildReadme_default(options, local.onErrorThrow);","            local.testCase_buildLib_default(options, local.onErrorThrow);","            local.testCase_buildTest_default(options, local.onErrorThrow);","            local.testCase_buildCustomOrg_default(options, local.onErrorThrow);","            options = [];","            local.buildApp(options, onError);","        };","","        local.testCase_buildCustomOrg_default = local.testCase_buildCustomOrg_default ||","            function (options, onError) {","            /*","             * this function will test buildCustomOrg's default handling-behavior","             */","                options = {};","                local.buildCustomOrg(options, onError);","            };","","        local.testCase_buildLib_default = local.testCase_buildLib_default || function (","            options,","            onError","        ) {","        /*","         * this function will test buildLib's default handling-behavior","         */","            options = {};","            local.buildLib(options, onError);","        };","","        local.testCase_buildReadme_default = local.testCase_buildReadme_default || function (","            options,","            onError","        ) {","        /*","         * this function will test buildReadme's default handling-behavior-behavior","         */","            options = {};","            local.buildReadme(options, onError);","        };","","        local.testCase_buildTest_default = local.testCase_buildTest_default || function (","            options,","            onError","        ) {","        /*","         * this function will test buildTest's default handling-behavior","         */","            options = {};","            local.buildTest(options, onError);","        };","","        local.testCase_webpage_default = local.testCase_webpage_default || function (","            options,","            onError","        ) {","        /*","         * this function will test webpage's default handling-behavior","         */","            options = { modeCoverageMerge: true, url: local.serverLocalHost + '?modeTest=1' };","            local.browserTest(options, onError);","        };","","        // run test-server","        local.testRunServer(local);","        break;","    }","}());",""],"l":{"12":2,"14":2,"19":2,"21":2,"23":2,"24":2,"25":2,"30":1,"37":2,"40":2,"43":1,"47":1,"50":1,"52":1,"55":2,"61":2,"62":2,"64":2,"70":1,"76":1,"82":2,"83":2,"85":2,"91":1,"98":1,"102":1,"105":1,"112":1,"119":1,"120":1,"123":1,"130":1,"131":1,"132":1,"133":1,"134":1,"135":1,"138":1,"143":2,"144":2,"147":1,"154":2,"155":2,"158":1,"165":2,"166":2,"169":1,"176":2,"177":2,"180":1,"187":1,"188":1,"192":1,"193":1}},"/home/travis/build/npmtest/node-npmtest-sails-mongo/lib.npmtest_sails_mongo.js":{"path":"/home/travis/build/npmtest/node-npmtest-sails-mongo/lib.npmtest_sails_mongo.js","s":{"1":2,"2":2,"3":2,"4":2,"5":2,"6":2,"7":2,"8":1,"9":2,"10":2,"11":2,"12":2,"13":1,"14":1,"15":1,"16":1},"b":{"1":[2,1,1,1],"2":[1,1,1,1],"3":[1,1],"4":[2,2],"5":[1,1]},"f":{"1":2,"2":2,"3":2},"fnMap":{"1":{"name":"(anonymous_1)","line":12,"loc":{"start":{"line":12,"column":1},"end":{"line":12,"column":13}}},"2":{"name":"(anonymous_2)","line":19,"loc":{"start":{"line":19,"column":5},"end":{"line":19,"column":17}}},"3":{"name":"(anonymous_3)","line":23,"loc":{"start":{"line":23,"column":24},"end":{"line":23,"column":36}}}},"statementMap":{"1":{"start":{"line":12,"column":0},"end":{"line":53,"column":5}},"2":{"start":{"line":14,"column":4},"end":{"line":14,"column":14}},"3":{"start":{"line":19,"column":4},"end":{"line":52,"column":9}},"4":{"start":{"line":21,"column":8},"end":{"line":21,"column":19}},"5":{"start":{"line":23,"column":8},"end":{"line":35,"column":13}},"6":{"start":{"line":24,"column":12},"end":{"line":34,"column":13}},"7":{"start":{"line":25,"column":16},"end":{"line":28,"column":30}},"8":{"start":{"line":30,"column":16},"end":{"line":33,"column":27}},"9":{"start":{"line":37,"column":8},"end":{"line":39,"column":21}},"10":{"start":{"line":41,"column":8},"end":{"line":41,"column":54}},"11":{"start":{"line":43,"column":8},"end":{"line":43,"column":56}},"12":{"start":{"line":45,"column":8},"end":{"line":51,"column":9}},"13":{"start":{"line":46,"column":12},"end":{"line":46,"column":62}},"14":{"start":{"line":48,"column":12},"end":{"line":48,"column":35}},"15":{"start":{"line":49,"column":12},"end":{"line":49,"column":49}},"16":{"start":{"line":50,"column":12},"end":{"line":50,"column":43}}},"branchMap":{"1":{"line":25,"type":"binary-expr","locations":[{"start":{"line":25,"column":23},"end":{"line":25,"column":62}},{"start":{"line":26,"column":20},"end":{"line":26,"column":70}},{"start":{"line":27,"column":20},"end":{"line":27,"column":71}},{"start":{"line":28,"column":20},"end":{"line":28,"column":29}}]},"2":{"line":30,"type":"binary-expr","locations":[{"start":{"line":30,"column":23},"end":{"line":30,"column":37}},{"start":{"line":31,"column":20},"end":{"line":31,"column":61}},{"start":{"line":32,"column":20},"end":{"line":32,"column":70}},{"start":{"line":33,"column":20},"end":{"line":33,"column":26}}]},"3":{"line":37,"type":"cond-expr","locations":[{"start":{"line":38,"column":14},"end":{"line":38,"column":20}},{"start":{"line":39,"column":14},"end":{"line":39,"column":20}}]},"4":{"line":41,"type":"binary-expr","locations":[{"start":{"line":41,"column":16},"end":{"line":41,"column":44}},{"start":{"line":41,"column":48},"end":{"line":41,"column":53}}]},"5":{"line":45,"type":"if","locations":[{"start":{"line":45,"column":8},"end":{"line":45,"column":8}},{"start":{"line":45,"column":8},"end":{"line":45,"column":8}}]}},"code":["/* istanbul instrument in package npmtest_sails_mongo */","/*jslint","    bitwise: true,","    browser: true,","    maxerr: 8,","    maxlen: 96,","    node: true,","    nomen: true,","    regexp: true,","    stupid: true","*/","(function () {","    'use strict';","    var local;","","","","    // run shared js-env code - pre-init","    (function () {","        // init local","        local = {};","        // init modeJs","        local.modeJs = (function () {","            try {","                return typeof navigator.userAgent === 'string' &&","                    typeof document.querySelector('body') === 'object' &&","                    typeof XMLHttpRequest.prototype.open === 'function' &&","                    'browser';","            } catch (errorCaughtBrowser) {","                return module.exports &&","                    typeof process.versions.node === 'string' &&","                    typeof require('http').createServer === 'function' &&","                    'node';","            }","        }());","        // init global","        local.global = local.modeJs === 'browser'","            ? window","            : global;","        // init utility2_rollup","        local = local.global.utility2_rollup || local;","        // init lib","        local.local = local.npmtest_sails_mongo = local;","        // init exports","        if (local.modeJs === 'browser') {","            local.global.utility2_npmtest_sails_mongo = local;","        } else {","            module.exports = local;","            module.exports.__dirname = __dirname;","            module.exports.module = module;","        }","    }());","}());",""],"l":{"12":2,"14":2,"19":2,"21":2,"23":2,"24":2,"25":2,"30":1,"37":2,"41":2,"43":2,"45":2,"46":1,"48":1,"49":1,"50":1}},"/home/travis/build/npmtest/node-npmtest-sails-mongo/example.js":{"path":"/home/travis/build/npmtest/node-npmtest-sails-mongo/example.js","s":{"1":2,"2":2,"3":2,"4":2,"5":2,"6":2,"7":2,"8":1,"9":2,"10":2,"11":2,"12":2,"13":1,"14":2,"15":2,"16":2,"17":2,"18":2,"19":0,"20":2,"21":1,"22":1,"23":1,"24":1,"25":1,"26":0,"27":0,"28":1,"29":1,"30":2,"31":0,"32":0,"33":0,"34":1,"35":2,"36":2,"37":3,"38":3,"39":3,"40":3,"41":0,"42":3,"43":3,"44":3,"45":1,"46":3,"47":1,"48":1,"49":1,"50":1,"51":1,"52":1,"53":1,"54":1,"55":1,"56":1,"57":0,"58":1,"59":6,"60":6,"61":1,"62":2,"63":0,"64":2,"65":1,"66":1,"67":0,"68":0,"69":0,"70":0,"71":0,"72":0,"73":0,"74":0,"75":0,"76":0,"77":0,"78":0,"79":0,"80":0,"81":0,"82":0,"83":0},"b":{"1":[2,1,1,1],"2":[1,1,1,1],"3":[1,1],"4":[2,2],"5":[1,1],"6":[1,1],"7":[2,0],"8":[2,1,1,1,1,1],"9":[0,2,0],"10":[1,1],"11":[2,1,1],"12":[1,0],"13":[0,2],"14":[2,0,0,0,0,0,0],"15":[0,3],"16":[3,0],"17":[1,1],"18":[0,1],"19":[1,2,0,2],"20":[1,0],"21":[1,1],"22":[0,0],"23":[0,0],"24":[0,0],"25":[0,0],"26":[0,0],"27":[0,0],"28":[0,0]},"f":{"1":2,"2":2,"3":2,"4":2,"5":2,"6":2,"7":3,"8":3,"9":3,"10":1,"11":6,"12":0},"fnMap":{"1":{"name":"(anonymous_1)","line":26,"loc":{"start":{"line":26,"column":1},"end":{"line":26,"column":13}}},"2":{"name":"(anonymous_2)","line":33,"loc":{"start":{"line":33,"column":5},"end":{"line":33,"column":17}}},"3":{"name":"(anonymous_3)","line":37,"loc":{"start":{"line":37,"column":24},"end":{"line":37,"column":36}}},"4":{"name":"(anonymous_4)","line":69,"loc":{"start":{"line":69,"column":31},"end":{"line":69,"column":48}},"skip":true},"5":{"name":"(anonymous_5)","line":78,"loc":{"start":{"line":78,"column":26},"end":{"line":78,"column":45}},"skip":true},"6":{"name":"(anonymous_6)","line":123,"loc":{"start":{"line":123,"column":33},"end":{"line":123,"column":48}},"skip":true},"7":{"name":"(anonymous_7)","line":125,"loc":{"start":{"line":125,"column":27},"end":{"line":125,"column":39}},"skip":true},"8":{"name":"(anonymous_8)","line":133,"loc":{"start":{"line":133,"column":59},"end":{"line":133,"column":74}},"skip":true},"9":{"name":"(anonymous_9)","line":143,"loc":{"start":{"line":143,"column":45},"end":{"line":143,"column":62}},"skip":true},"10":{"name":"(anonymous_10)","line":144,"loc":{"start":{"line":144,"column":73},"end":{"line":144,"column":92}},"skip":true},"11":{"name":"(anonymous_11)","line":272,"loc":{"start":{"line":272,"column":51},"end":{"line":272,"column":77}},"skip":true},"12":{"name":"(anonymous_12)","line":314,"loc":{"start":{"line":314,"column":32},"end":{"line":314,"column":61}},"skip":true}},"statementMap":{"1":{"start":{"line":26,"column":0},"end":{"line":325,"column":5}},"2":{"start":{"line":28,"column":4},"end":{"line":28,"column":14}},"3":{"start":{"line":33,"column":4},"end":{"line":60,"column":9}},"4":{"start":{"line":35,"column":8},"end":{"line":35,"column":19}},"5":{"start":{"line":37,"column":8},"end":{"line":49,"column":13}},"6":{"start":{"line":38,"column":12},"end":{"line":48,"column":13}},"7":{"start":{"line":39,"column":16},"end":{"line":42,"column":30}},"8":{"start":{"line":44,"column":16},"end":{"line":47,"column":27}},"9":{"start":{"line":51,"column":8},"end":{"line":53,"column":21}},"10":{"start":{"line":55,"column":8},"end":{"line":57,"column":45}},"11":{"start":{"line":59,"column":8},"end":{"line":59,"column":35}},"12":{"start":{"line":61,"column":4},"end":{"line":324,"column":5}},"13":{"start":{"line":69,"column":8},"end":{"line":121,"column":10},"skip":true},"14":{"start":{"line":70,"column":12},"end":{"line":88,"column":13},"skip":true},"15":{"start":{"line":76,"column":16},"end":{"line":87,"column":19},"skip":true},"16":{"start":{"line":79,"column":20},"end":{"line":86,"column":21},"skip":true},"17":{"start":{"line":82,"column":24},"end":{"line":82,"column":43},"skip":true},"18":{"start":{"line":83,"column":24},"end":{"line":83,"column":30},"skip":true},"19":{"start":{"line":85,"column":24},"end":{"line":85,"column":49},"skip":true},"20":{"start":{"line":89,"column":12},"end":{"line":107,"column":13},"skip":true},"21":{"start":{"line":92,"column":16},"end":{"line":102,"column":17},"skip":true},"22":{"start":{"line":93,"column":20},"end":{"line":93,"column":86},"skip":true},"23":{"start":{"line":94,"column":20},"end":{"line":95,"column":45},"skip":true},"24":{"start":{"line":96,"column":20},"end":{"line":96,"column":42},"skip":true},"25":{"start":{"line":97,"column":20},"end":{"line":97,"column":48},"skip":true},"26":{"start":{"line":100,"column":20},"end":{"line":100,"column":85},"skip":true},"27":{"start":{"line":101,"column":20},"end":{"line":101,"column":96},"skip":true},"28":{"start":{"line":103,"column":16},"end":{"line":103,"column":22},"skip":true},"29":{"start":{"line":106,"column":16},"end":{"line":106,"column":22},"skip":true},"30":{"start":{"line":108,"column":12},"end":{"line":120,"column":13},"skip":true},"31":{"start":{"line":114,"column":16},"end":{"line":119,"column":17},"skip":true},"32":{"start":{"line":116,"column":20},"end":{"line":116,"column":78},"skip":true},"33":{"start":{"line":118,"column":20},"end":{"line":118,"column":47},"skip":true},"34":{"start":{"line":123,"column":8},"end":{"line":141,"column":11},"skip":true},"35":{"start":{"line":124,"column":12},"end":{"line":124,"column":54},"skip":true},"36":{"start":{"line":125,"column":12},"end":{"line":140,"column":14},"skip":true},"37":{"start":{"line":126,"column":16},"end":{"line":126,"column":28},"skip":true},"38":{"start":{"line":127,"column":16},"end":{"line":127,"column":69},"skip":true},"39":{"start":{"line":128,"column":16},"end":{"line":128,"column":75},"skip":true},"40":{"start":{"line":129,"column":16},"end":{"line":131,"column":17},"skip":true},"41":{"start":{"line":130,"column":20},"end":{"line":130,"column":27},"skip":true},"42":{"start":{"line":133,"column":16},"end":{"line":137,"column":36},"skip":true},"43":{"start":{"line":134,"column":20},"end":{"line":136,"column":55},"skip":true},"44":{"start":{"line":139,"column":16},"end":{"line":139,"column":57},"skip":true},"45":{"start":{"line":143,"column":8},"end":{"line":147,"column":11},"skip":true},"46":{"start":{"line":144,"column":12},"end":{"line":146,"column":15},"skip":true},"47":{"start":{"line":145,"column":16},"end":{"line":145,"column":70},"skip":true},"48":{"start":{"line":149,"column":8},"end":{"line":149,"column":31},"skip":true},"49":{"start":{"line":150,"column":8},"end":{"line":150,"column":14},"skip":true},"50":{"start":{"line":158,"column":8},"end":{"line":158,"column":31},"skip":true},"51":{"start":{"line":160,"column":8},"end":{"line":160,"column":33},"skip":true},"52":{"start":{"line":161,"column":8},"end":{"line":161,"column":37},"skip":true},"53":{"start":{"line":162,"column":8},"end":{"line":162,"column":35},"skip":true},"54":{"start":{"line":164,"column":8},"end":{"line":164,"column":50},"skip":true},"55":{"start":{"line":166,"column":8},"end":{"line":256,"column":2},"skip":true},"56":{"start":{"line":258,"column":8},"end":{"line":286,"column":9},"skip":true},"57":{"start":{"line":259,"column":12},"end":{"line":269,"column":14},"skip":true},"58":{"start":{"line":271,"column":12},"end":{"line":285,"column":19},"skip":true},"59":{"start":{"line":274,"column":20},"end":{"line":274,"column":35},"skip":true},"60":{"start":{"line":275,"column":20},"end":{"line":284,"column":21},"skip":true},"61":{"start":{"line":277,"column":24},"end":{"line":277,"column":64},"skip":true},"62":{"start":{"line":279,"column":24},"end":{"line":279,"column":40},"skip":true},"63":{"start":{"line":281,"column":24},"end":{"line":281,"column":40},"skip":true},"64":{"start":{"line":283,"column":24},"end":{"line":283,"column":39},"skip":true},"65":{"start":{"line":288,"column":8},"end":{"line":290,"column":9},"skip":true},"66":{"start":{"line":289,"column":12},"end":{"line":289,"column":18},"skip":true},"67":{"start":{"line":291,"column":8},"end":{"line":293,"column":54},"skip":true},"68":{"start":{"line":294,"column":8},"end":{"line":301,"column":37},"skip":true},"69":{"start":{"line":302,"column":8},"end":{"line":302,"column":82},"skip":true},"70":{"start":{"line":305,"column":8},"end":{"line":307,"column":9},"skip":true},"71":{"start":{"line":306,"column":12},"end":{"line":306,"column":82},"skip":true},"72":{"start":{"line":309,"column":8},"end":{"line":311,"column":9},"skip":true},"73":{"start":{"line":310,"column":12},"end":{"line":310,"column":18},"skip":true},"74":{"start":{"line":312,"column":8},"end":{"line":312,"column":54},"skip":true},"75":{"start":{"line":313,"column":8},"end":{"line":313,"column":69},"skip":true},"76":{"start":{"line":314,"column":8},"end":{"line":322,"column":36},"skip":true},"77":{"start":{"line":315,"column":12},"end":{"line":315,"column":61},"skip":true},"78":{"start":{"line":316,"column":12},"end":{"line":319,"column":13},"skip":true},"79":{"start":{"line":317,"column":16},"end":{"line":317,"column":75},"skip":true},"80":{"start":{"line":318,"column":16},"end":{"line":318,"column":23},"skip":true},"81":{"start":{"line":320,"column":12},"end":{"line":320,"column":38},"skip":true},"82":{"start":{"line":321,"column":12},"end":{"line":321,"column":27},"skip":true},"83":{"start":{"line":323,"column":8},"end":{"line":323,"column":14},"skip":true}},"branchMap":{"1":{"line":39,"type":"binary-expr","locations":[{"start":{"line":39,"column":23},"end":{"line":39,"column":62}},{"start":{"line":40,"column":20},"end":{"line":40,"column":70}},{"start":{"line":41,"column":20},"end":{"line":41,"column":71}},{"start":{"line":42,"column":20},"end":{"line":42,"column":29}}]},"2":{"line":44,"type":"binary-expr","locations":[{"start":{"line":44,"column":23},"end":{"line":44,"column":37}},{"start":{"line":45,"column":20},"end":{"line":45,"column":61}},{"start":{"line":46,"column":20},"end":{"line":46,"column":70}},{"start":{"line":47,"column":20},"end":{"line":47,"column":26}}]},"3":{"line":51,"type":"cond-expr","locations":[{"start":{"line":52,"column":14},"end":{"line":52,"column":20}},{"start":{"line":53,"column":14},"end":{"line":53,"column":20}}]},"4":{"line":55,"type":"binary-expr","locations":[{"start":{"line":55,"column":16},"end":{"line":55,"column":44}},{"start":{"line":55,"column":49},"end":{"line":57,"column":43}}]},"5":{"line":55,"type":"cond-expr","locations":[{"start":{"line":56,"column":14},"end":{"line":56,"column":55}},{"start":{"line":57,"column":14},"end":{"line":57,"column":43}}]},"6":{"line":61,"type":"switch","locations":[{"start":{"line":68,"column":4},"end":{"line":150,"column":14},"skip":true},{"start":{"line":156,"column":4},"end":{"line":323,"column":14},"skip":true}]},"7":{"line":70,"type":"if","locations":[{"start":{"line":70,"column":12},"end":{"line":70,"column":12},"skip":true},{"start":{"line":70,"column":12},"end":{"line":70,"column":12},"skip":true}]},"8":{"line":70,"type":"binary-expr","locations":[{"start":{"line":70,"column":16},"end":{"line":70,"column":22},"skip":true},{"start":{"line":70,"column":27},"end":{"line":70,"column":32},"skip":true},{"start":{"line":71,"column":20},"end":{"line":71,"column":39},"skip":true},{"start":{"line":72,"column":20},"end":{"line":72,"column":49},"skip":true},{"start":{"line":73,"column":20},"end":{"line":73,"column":58},"skip":true},{"start":{"line":74,"column":20},"end":{"line":74,"column":69},"skip":true}]},"9":{"line":79,"type":"switch","locations":[{"start":{"line":80,"column":20},"end":{"line":80,"column":33},"skip":true},{"start":{"line":81,"column":20},"end":{"line":83,"column":30},"skip":true},{"start":{"line":84,"column":20},"end":{"line":85,"column":49},"skip":true}]},"10":{"line":89,"type":"switch","locations":[{"start":{"line":90,"column":12},"end":{"line":103,"column":22},"skip":true},{"start":{"line":105,"column":12},"end":{"line":106,"column":22},"skip":true}]},"11":{"line":89,"type":"binary-expr","locations":[{"start":{"line":89,"column":20},"end":{"line":89,"column":25},"skip":true},{"start":{"line":89,"column":29},"end":{"line":89,"column":48},"skip":true},{"start":{"line":89,"column":52},"end":{"line":89,"column":74},"skip":true}]},"12":{"line":92,"type":"if","locations":[{"start":{"line":92,"column":16},"end":{"line":92,"column":16},"skip":true},{"start":{"line":92,"column":16},"end":{"line":92,"column":16},"skip":true}]},"13":{"line":108,"type":"if","locations":[{"start":{"line":108,"column":12},"end":{"line":108,"column":12},"skip":true},{"start":{"line":108,"column":12},"end":{"line":108,"column":12},"skip":true}]},"14":{"line":108,"type":"binary-expr","locations":[{"start":{"line":108,"column":16},"end":{"line":108,"column":61},"skip":true},{"start":{"line":108,"column":66},"end":{"line":108,"column":72},"skip":true},{"start":{"line":108,"column":77},"end":{"line":108,"column":82},"skip":true},{"start":{"line":109,"column":20},"end":{"line":109,"column":39},"skip":true},{"start":{"line":110,"column":20},"end":{"line":110,"column":49},"skip":true},{"start":{"line":111,"column":20},"end":{"line":111,"column":58},"skip":true},{"start":{"line":112,"column":20},"end":{"line":112,"column":68},"skip":true}]},"15":{"line":129,"type":"if","locations":[{"start":{"line":129,"column":16},"end":{"line":129,"column":16},"skip":true},{"start":{"line":129,"column":16},"end":{"line":129,"column":16},"skip":true}]},"16":{"line":134,"type":"cond-expr","locations":[{"start":{"line":135,"column":26},"end":{"line":135,"column":29},"skip":true},{"start":{"line":136,"column":26},"end":{"line":136,"column":54},"skip":true}]},"17":{"line":164,"type":"binary-expr","locations":[{"start":{"line":164,"column":27},"end":{"line":164,"column":43},"skip":true},{"start":{"line":164,"column":47},"end":{"line":164,"column":49},"skip":true}]},"18":{"line":258,"type":"if","locations":[{"start":{"line":258,"column":8},"end":{"line":258,"column":8},"skip":true},{"start":{"line":258,"column":8},"end":{"line":258,"column":8},"skip":true}]},"19":{"line":275,"type":"switch","locations":[{"start":{"line":276,"column":20},"end":{"line":277,"column":64},"skip":true},{"start":{"line":278,"column":20},"end":{"line":279,"column":40},"skip":true},{"start":{"line":280,"column":20},"end":{"line":281,"column":40},"skip":true},{"start":{"line":282,"column":20},"end":{"line":283,"column":39},"skip":true}]},"20":{"line":288,"type":"if","locations":[{"start":{"line":288,"column":8},"end":{"line":288,"column":8},"skip":true},{"start":{"line":288,"column":8},"end":{"line":288,"column":8},"skip":true}]},"21":{"line":288,"type":"binary-expr","locations":[{"start":{"line":288,"column":12},"end":{"line":288,"column":40},"skip":true},{"start":{"line":288,"column":44},"end":{"line":288,"column":67},"skip":true}]},"22":{"line":292,"type":"binary-expr","locations":[{"start":{"line":292,"column":12},"end":{"line":292,"column":50},"skip":true},{"start":{"line":293,"column":12},"end":{"line":293,"column":53},"skip":true}]},"23":{"line":295,"type":"binary-expr","locations":[{"start":{"line":295,"column":12},"end":{"line":295,"column":69},"skip":true},{"start":{"line":296,"column":12},"end":{"line":301,"column":36},"skip":true}]},"24":{"line":302,"type":"binary-expr","locations":[{"start":{"line":302,"column":43},"end":{"line":302,"column":75},"skip":true},{"start":{"line":302,"column":79},"end":{"line":302,"column":81},"skip":true}]},"25":{"line":305,"type":"if","locations":[{"start":{"line":305,"column":8},"end":{"line":305,"column":8},"skip":true},{"start":{"line":305,"column":8},"end":{"line":305,"column":8},"skip":true}]},"26":{"line":309,"type":"if","locations":[{"start":{"line":309,"column":8},"end":{"line":309,"column":8},"skip":true},{"start":{"line":309,"column":8},"end":{"line":309,"column":8},"skip":true}]},"27":{"line":312,"type":"binary-expr","locations":[{"start":{"line":312,"column":27},"end":{"line":312,"column":43},"skip":true},{"start":{"line":312,"column":47},"end":{"line":312,"column":53},"skip":true}]},"28":{"line":316,"type":"if","locations":[{"start":{"line":316,"column":12},"end":{"line":316,"column":12},"skip":true},{"start":{"line":316,"column":12},"end":{"line":316,"column":12},"skip":true}]}},"code":["/*","example.js","","quickstart example","","instruction","    1. save this script as example.js","    2. run the shell command:","        $ npm install npmtest-sails-mongo && PORT=8081 node example.js","    3. play with the browser-demo on http://127.0.0.1:8081","*/","","","","/* istanbul instrument in package npmtest_sails_mongo */","/*jslint","    bitwise: true,","    browser: true,","    maxerr: 8,","    maxlen: 96,","    node: true,","    nomen: true,","    regexp: true,","    stupid: true","*/","(function () {","    'use strict';","    var local;","","","","    // run shared js-env code - pre-init","    (function () {","        // init local","        local = {};","        // init modeJs","        local.modeJs = (function () {","            try {","                return typeof navigator.userAgent === 'string' &&","                    typeof document.querySelector('body') === 'object' &&","                    typeof XMLHttpRequest.prototype.open === 'function' &&","                    'browser';","            } catch (errorCaughtBrowser) {","                return module.exports &&","                    typeof process.versions.node === 'string' &&","                    typeof require('http').createServer === 'function' &&","                    'node';","            }","        }());","        // init global","        local.global = local.modeJs === 'browser'","            ? window","            : global;","        // init utility2_rollup","        local = local.global.utility2_rollup || (local.modeJs === 'browser'","            ? local.global.utility2_npmtest_sails_mongo","            : global.utility2_moduleExports);","        // export local","        local.global.local = local;","    }());","    switch (local.modeJs) {","","","","    // post-init","    // run browser js-env code - post-init","    /* istanbul ignore next */","    case 'browser':","        local.testRunBrowser = function (event) {","            if (!event || (event &&","                    event.currentTarget &&","                    event.currentTarget.className &&","                    event.currentTarget.className.includes &&","                    event.currentTarget.className.includes('onreset'))) {","                // reset output","                Array.from(","                    document.querySelectorAll('body > .resettable')","                ).forEach(function (element) {","                    switch (element.tagName) {","                    case 'INPUT':","                    case 'TEXTAREA':","                        element.value = '';","                        break;","                    default:","                        element.textContent = '';","                    }","                });","            }","            switch (event && event.currentTarget && event.currentTarget.id) {","            case 'testRunButton1':","                // show tests","                if (document.querySelector('#testReportDiv1').style.display === 'none') {","                    document.querySelector('#testReportDiv1').style.display = 'block';","                    document.querySelector('#testRunButton1').textContent =","                        'hide internal test';","                    local.modeTest = true;","                    local.testRunDefault(local);","                // hide tests","                } else {","                    document.querySelector('#testReportDiv1').style.display = 'none';","                    document.querySelector('#testRunButton1').textContent = 'run internal test';","                }","                break;","            // custom-case","            default:","                break;","            }","            if (document.querySelector('#inputTextareaEval1') && (!event || (event &&","                    event.currentTarget &&","                    event.currentTarget.className &&","                    event.currentTarget.className.includes &&","                    event.currentTarget.className.includes('oneval')))) {","                // try to eval input-code","                try {","                    /*jslint evil: true*/","                    eval(document.querySelector('#inputTextareaEval1').value);","                } catch (errorCaught) {","                    console.error(errorCaught);","                }","            }","        };","        // log stderr and stdout to #outputTextareaStdout1","        ['error', 'log'].forEach(function (key) {","            console[key + '_original'] = console[key];","            console[key] = function () {","                var element;","                console[key + '_original'].apply(console, arguments);","                element = document.querySelector('#outputTextareaStdout1');","                if (!element) {","                    return;","                }","                // append text to #outputTextareaStdout1","                element.value += Array.from(arguments).map(function (arg) {","                    return typeof arg === 'string'","                        ? arg","                        : JSON.stringify(arg, null, 4);","                }).join(' ') + '\\n';","                // scroll textarea to bottom","                element.scrollTop = element.scrollHeight;","            };","        });","        // init event-handling","        ['change', 'click', 'keyup'].forEach(function (event) {","            Array.from(document.querySelectorAll('.on' + event)).forEach(function (element) {","                element.addEventListener(event, local.testRunBrowser);","            });","        });","        // run tests","        local.testRunBrowser();","        break;","","","","    // run node js-env code - post-init","    /* istanbul ignore next */","    case 'node':","        // export local","        module.exports = local;","        // require modules","        local.fs = require('fs');","        local.http = require('http');","        local.url = require('url');","        // init assets","        local.assetsDict = local.assetsDict || {};","        /* jslint-ignore-begin */","        local.assetsDict['/assets.index.template.html'] = '\\","<!doctype html>\\n\\","<html lang=\"en\">\\n\\","<head>\\n\\","<meta charset=\"UTF-8\">\\n\\","<meta name=\"viewport\" content=\"width=device-width, initial-scale=1\">\\n\\","<title>{{env.npm_package_name}} (v{{env.npm_package_version}})</title>\\n\\","<style>\\n\\","/*csslint\\n\\","    box-sizing: false,\\n\\","    universal-selector: false\\n\\","*/\\n\\","* {\\n\\","    box-sizing: border-box;\\n\\","}\\n\\","body {\\n\\","    background: #dde;\\n\\","    font-family: Arial, Helvetica, sans-serif;\\n\\","    margin: 2rem;\\n\\","}\\n\\","body > * {\\n\\","    margin-bottom: 1rem;\\n\\","}\\n\\",".utility2FooterDiv {\\n\\","    margin-top: 20px;\\n\\","    text-align: center;\\n\\","}\\n\\","</style>\\n\\","<style>\\n\\","/*csslint\\n\\","*/\\n\\","textarea {\\n\\","    font-family: monospace;\\n\\","    height: 10rem;\\n\\","    width: 100%;\\n\\","}\\n\\","textarea[readonly] {\\n\\","    background: #ddd;\\n\\","}\\n\\","</style>\\n\\","</head>\\n\\","<body>\\n\\","<!-- utility2-comment\\n\\","<div id=\"ajaxProgressDiv1\" style=\"background: #d00; height: 2px; left: 0; margin: 0; padding: 0; position: fixed; top: 0; transition: background 0.5s, width 1.5s; width: 25%;\"></div>\\n\\","utility2-comment -->\\n\\","<h1>\\n\\","<!-- utility2-comment\\n\\","    <a\\n\\","        {{#if env.npm_package_homepage}}\\n\\","        href=\"{{env.npm_package_homepage}}\"\\n\\","        {{/if env.npm_package_homepage}}\\n\\","        target=\"_blank\"\\n\\","    >\\n\\","utility2-comment -->\\n\\","        {{env.npm_package_name}} (v{{env.npm_package_version}})\\n\\","<!-- utility2-comment\\n\\","    </a>\\n\\","utility2-comment -->\\n\\","</h1>\\n\\","<h3>{{env.npm_package_description}}</h3>\\n\\","<!-- utility2-comment\\n\\","<h4><a download href=\"assets.app.js\">download standalone app</a></h4>\\n\\","<button class=\"onclick onreset\" id=\"testRunButton1\">run internal test</button><br>\\n\\","<div id=\"testReportDiv1\" style=\"display: none;\"></div>\\n\\","utility2-comment -->\\n\\","\\n\\","\\n\\","\\n\\","<label>stderr and stdout</label>\\n\\","<textarea class=\"resettable\" id=\"outputTextareaStdout1\" readonly></textarea>\\n\\","<!-- utility2-comment\\n\\","{{#if isRollup}}\\n\\","<script src=\"assets.app.js\"></script>\\n\\","{{#unless isRollup}}\\n\\","utility2-comment -->\\n\\","<script src=\"assets.utility2.rollup.js\"></script>\\n\\","<script src=\"jsonp.utility2._stateInit?callback=window.utility2._stateInit\"></script>\\n\\","<script src=\"assets.npmtest_sails_mongo.rollup.js\"></script>\\n\\","<script src=\"assets.example.js\"></script>\\n\\","<script src=\"assets.test.js\"></script>\\n\\","<!-- utility2-comment\\n\\","{{/if isRollup}}\\n\\","utility2-comment -->\\n\\","<div class=\"utility2FooterDiv\">\\n\\","    [ this app was created with\\n\\","    <a href=\"https://github.com/kaizhu256/node-utility2\" target=\"_blank\">utility2</a>\\n\\","    ]\\n\\","</div>\\n\\","</body>\\n\\","</html>\\n\\","';","        /* jslint-ignore-end */","        if (local.templateRender) {","            local.assetsDict['/'] = local.templateRender(","                local.assetsDict['/assets.index.template.html'],","                {","                    env: local.objectSetDefault(local.env, {","                        npm_package_description: 'the greatest app in the world!',","                        npm_package_name: 'my-app',","                        npm_package_nameAlias: 'my_app',","                        npm_package_version: '0.0.1'","                    })","                }","            );","        } else {","            local.assetsDict['/'] = local.assetsDict['/assets.index.template.html']","                .replace((/\\{\\{env\\.(\\w+?)\\}\\}/g), function (match0, match1) {","                    // jslint-hack","                    String(match0);","                    switch (match1) {","                    case 'npm_package_description':","                        return 'the greatest app in the world!';","                    case 'npm_package_name':","                        return 'my-app';","                    case 'npm_package_nameAlias':","                        return 'my_app';","                    case 'npm_package_version':","                        return '0.0.1';","                    }","                });","        }","        // run the cli","        if (local.global.utility2_rollup || module !== require.main) {","            break;","        }","        local.assetsDict['/assets.example.js'] =","            local.assetsDict['/assets.example.js'] ||","            local.fs.readFileSync(__filename, 'utf8');","        local.assetsDict['/assets.npmtest_sails_mongo.rollup.js'] =","            local.assetsDict['/assets.npmtest_sails_mongo.rollup.js'] ||","            local.fs.readFileSync(","                // buildCustomOrg-hack","                local.npmtest_sails_mongo.__dirname +","                    '/lib.npmtest_sails_mongo.js',","                'utf8'","            ).replace((/^#!/), '//');","        local.assetsDict['/favicon.ico'] = local.assetsDict['/favicon.ico'] || '';","        // if $npm_config_timeout_exit exists,","        // then exit this process after $npm_config_timeout_exit ms","        if (Number(process.env.npm_config_timeout_exit)) {","            setTimeout(process.exit, Number(process.env.npm_config_timeout_exit));","        }","        // start server","        if (local.global.utility2_serverHttp1) {","            break;","        }","        process.env.PORT = process.env.PORT || '8081';","        console.error('server starting on port ' + process.env.PORT);","        local.http.createServer(function (request, response) {","            request.urlParsed = local.url.parse(request.url);","            if (local.assetsDict[request.urlParsed.pathname] !== undefined) {","                response.end(local.assetsDict[request.urlParsed.pathname]);","                return;","            }","            response.statusCode = 404;","            response.end();","        }).listen(process.env.PORT);","        break;","    }","}());",""],"l":{"26":2,"28":2,"33":2,"35":2,"37":2,"38":2,"39":2,"44":1,"51":2,"55":2,"59":2,"61":2,"69":1,"70":2,"76":2,"79":2,"82":2,"83":2,"85":1,"89":2,"92":1,"93":1,"94":1,"96":1,"97":1,"100":1,"101":1,"103":1,"106":1,"108":2,"114":1,"116":1,"118":1,"123":1,"124":2,"125":2,"126":3,"127":3,"128":3,"129":3,"130":1,"133":3,"134":3,"139":3,"143":1,"144":3,"145":1,"149":1,"150":1,"158":1,"160":1,"161":1,"162":1,"164":1,"166":1,"258":1,"259":1,"271":1,"274":6,"275":6,"277":1,"279":2,"281":1,"283":2,"288":1,"289":1,"291":1,"294":1,"302":1,"305":1,"306":1,"309":1,"310":1,"312":1,"313":1,"314":1,"315":1,"316":1,"317":1,"318":1,"320":1,"321":1,"323":1}},"/home/travis/build/npmtest/node-npmtest-sails-mongo/node_modules/sails-mongo/lib/adapter.js":{"path":"/home/travis/build/npmtest/node-npmtest-sails-mongo/node_modules/sails-mongo/lib/adapter.js","s":{"1":1,"2":1,"3":1,"4":1,"5":1,"6":1,"7":1,"8":1,"9":1,"10":1,"11":1,"12":1,"13":0,"14":0,"15":0,"16":0,"17":0,"18":0,"19":0,"20":0,"21":0,"22":0,"23":0,"24":0,"25":0,"26":0,"27":0,"28":0,"29":0,"30":0,"31":0,"32":0,"33":0,"34":0,"35":0,"36":0,"37":0,"38":0,"39":0,"40":0,"41":0,"42":0,"43":0,"44":0,"45":0,"46":0,"47":0,"48":0,"49":0,"50":0,"51":0,"52":0,"53":0,"54":0,"55":0,"56":0,"57":0,"58":0,"59":0,"60":0,"61":0,"62":0,"63":0,"64":0,"65":0,"66":0,"67":0,"68":0,"69":0,"70":0,"71":0,"72":0,"73":0,"74":0,"75":0,"76":0,"77":0,"78":0,"79":0,"80":0,"81":0,"82":0,"83":0,"84":0,"85":0,"86":0,"87":0,"88":0,"89":0,"90":0,"91":0,"92":0,"93":0,"94":0,"95":0,"96":0,"97":0,"98":0,"99":0,"100":0,"101":0,"102":0,"103":0,"104":0,"105":0,"106":0,"107":0,"108":0,"109":0,"110":0,"111":0,"112":0,"113":0,"114":0,"115":0,"116":0,"117":0,"118":0,"119":0,"120":0,"121":0,"122":0,"123":0,"124":0,"125":0,"126":0,"127":0,"128":0,"129":0,"130":0,"131":0,"132":0,"133":0,"134":0,"135":0,"136":0,"137":0,"138":0,"139":0,"140":0,"141":0,"142":0,"143":0,"144":0,"145":1},"b":{"1":[0,0],"2":[0,0],"3":[0,0],"4":[0,0],"5":[0,0],"6":[0,0],"7":[0,0],"8":[0,0],"9":[0,0],"10":[0,0],"11":[0,0],"12":[0,0],"13":[0,0],"14":[0,0],"15":[0,0],"16":[0,0],"17":[0,0],"18":[0,0],"19":[0,0],"20":[0,0],"21":[0,0],"22":[0,0],"23":[0,0],"24":[0,0],"25":[0,0],"26":[0,0],"27":[0,0],"28":[0,0],"29":[0,0],"30":[0,0],"31":[0,0],"32":[0,0]},"f":{"1":1,"2":0,"3":0,"4":0,"5":0,"6":0,"7":0,"8":0,"9":0,"10":0,"11":0,"12":0,"13":0,"14":0,"15":0,"16":0,"17":0,"18":0,"19":0,"20":0,"21":0,"22":0,"23":0,"24":0,"25":0,"26":0,"27":0,"28":0,"29":0,"30":0,"31":0},"fnMap":{"1":{"name":"(anonymous_1)","line":17,"loc":{"start":{"line":17,"column":18},"end":{"line":17,"column":29}}},"2":{"name":"(anonymous_2)","line":99,"loc":{"start":{"line":99,"column":24},"end":{"line":99,"column":62}}},"3":{"name":"(anonymous_3)","line":113,"loc":{"start":{"line":113,"column":33},"end":{"line":113,"column":52}}},"4":{"name":"_createError","line":116,"loc":{"start":{"line":116,"column":21},"end":{"line":116,"column":44}}},"5":{"name":"(anonymous_5)","line":126,"loc":{"start":{"line":126,"column":41},"end":{"line":126,"column":55}}},"6":{"name":"(anonymous_6)","line":144,"loc":{"start":{"line":144,"column":14},"end":{"line":144,"column":34}}},"7":{"name":"(anonymous_7)","line":158,"loc":{"start":{"line":158,"column":31},"end":{"line":158,"column":55}}},"8":{"name":"(anonymous_8)","line":167,"loc":{"start":{"line":167,"column":25},"end":{"line":167,"column":37}}},"9":{"name":"(anonymous_9)","line":184,"loc":{"start":{"line":184,"column":14},"end":{"line":184,"column":59}}},"10":{"name":"(anonymous_10)","line":206,"loc":{"start":{"line":206,"column":12},"end":{"line":206,"column":69}}},"11":{"name":"(anonymous_11)","line":226,"loc":{"start":{"line":226,"column":10},"end":{"line":226,"column":66}}},"12":{"name":"(anonymous_12)","line":237,"loc":{"start":{"line":237,"column":65},"end":{"line":237,"column":79}}},"13":{"name":"(anonymous_13)","line":257,"loc":{"start":{"line":257,"column":12},"end":{"line":257,"column":57}}},"14":{"name":"(anonymous_14)","line":277,"loc":{"start":{"line":277,"column":16},"end":{"line":277,"column":28}}},"15":{"name":"(anonymous_15)","line":299,"loc":{"start":{"line":299,"column":12},"end":{"line":299,"column":63}}},"16":{"name":"(anonymous_16)","line":305,"loc":{"start":{"line":305,"column":30},"end":{"line":305,"column":53}}},"17":{"name":"(anonymous_17)","line":322,"loc":{"start":{"line":322,"column":16},"end":{"line":322,"column":67}}},"18":{"name":"(anonymous_18)","line":330,"loc":{"start":{"line":330,"column":30},"end":{"line":330,"column":53}}},"19":{"name":"(anonymous_19)","line":347,"loc":{"start":{"line":347,"column":10},"end":{"line":347,"column":64}}},"20":{"name":"(anonymous_20)","line":353,"loc":{"start":{"line":353,"column":31},"end":{"line":353,"column":54}}},"21":{"name":"(anonymous_21)","line":371,"loc":{"start":{"line":371,"column":12},"end":{"line":371,"column":74}}},"22":{"name":"(anonymous_22)","line":377,"loc":{"start":{"line":377,"column":41},"end":{"line":377,"column":64}}},"23":{"name":"(anonymous_23)","line":394,"loc":{"start":{"line":394,"column":13},"end":{"line":394,"column":67}}},"24":{"name":"(anonymous_24)","line":400,"loc":{"start":{"line":400,"column":31},"end":{"line":400,"column":54}}},"25":{"name":"(anonymous_25)","line":404,"loc":{"start":{"line":404,"column":36},"end":{"line":404,"column":50}}},"26":{"name":"(anonymous_26)","line":422,"loc":{"start":{"line":422,"column":11},"end":{"line":422,"column":65}}},"27":{"name":"(anonymous_27)","line":428,"loc":{"start":{"line":428,"column":32},"end":{"line":428,"column":55}}},"28":{"name":"(anonymous_28)","line":447,"loc":{"start":{"line":447,"column":10},"end":{"line":447,"column":66}}},"29":{"name":"(anonymous_29)","line":472,"loc":{"start":{"line":472,"column":15},"end":{"line":472,"column":59}}},"30":{"name":"(anonymous_30)","line":485,"loc":{"start":{"line":485,"column":16},"end":{"line":485,"column":46}}},"31":{"name":"(anonymous_31)","line":513,"loc":{"start":{"line":513,"column":12},"end":{"line":513,"column":70}}}},"statementMap":{"1":{"start":{"line":6,"column":0},"end":{"line":6,"column":27}},"2":{"start":{"line":7,"column":0},"end":{"line":7,"column":29}},"3":{"start":{"line":8,"column":0},"end":{"line":8,"column":35}},"4":{"start":{"line":9,"column":0},"end":{"line":9,"column":43}},"5":{"start":{"line":10,"column":0},"end":{"line":10,"column":49}},"6":{"start":{"line":11,"column":0},"end":{"line":11,"column":44}},"7":{"start":{"line":12,"column":0},"end":{"line":12,"column":41}},"8":{"start":{"line":13,"column":0},"end":{"line":13,"column":41}},"9":{"start":{"line":14,"column":0},"end":{"line":14,"column":31}},"10":{"start":{"line":17,"column":0},"end":{"line":525,"column":5}},"11":{"start":{"line":20,"column":2},"end":{"line":20,"column":23}},"12":{"start":{"line":22,"column":2},"end":{"line":522,"column":4}},"13":{"start":{"line":100,"column":6},"end":{"line":100,"column":65}},"14":{"start":{"line":100,"column":31},"end":{"line":100,"column":65}},"15":{"start":{"line":101,"column":6},"end":{"line":101,"column":79}},"16":{"start":{"line":101,"column":43},"end":{"line":101,"column":79}},"17":{"start":{"line":104,"column":6},"end":{"line":104,"column":57}},"18":{"start":{"line":107,"column":6},"end":{"line":110,"column":8}},"19":{"start":{"line":113,"column":6},"end":{"line":131,"column":9}},"20":{"start":{"line":115,"column":8},"end":{"line":122,"column":9}},"21":{"start":{"line":116,"column":10},"end":{"line":121,"column":16}},"22":{"start":{"line":117,"column":12},"end":{"line":117,"column":178}},"23":{"start":{"line":118,"column":12},"end":{"line":118,"column":37}},"24":{"start":{"line":119,"column":12},"end":{"line":119,"column":37}},"25":{"start":{"line":120,"column":12},"end":{"line":120,"column":23}},"26":{"start":{"line":123,"column":8},"end":{"line":123,"column":57}},"27":{"start":{"line":126,"column":8},"end":{"line":128,"column":11}},"28":{"start":{"line":127,"column":10},"end":{"line":127,"column":99}},"29":{"start":{"line":130,"column":8},"end":{"line":130,"column":13}},"30":{"start":{"line":145,"column":6},"end":{"line":148,"column":7}},"31":{"start":{"line":146,"column":8},"end":{"line":146,"column":18}},"32":{"start":{"line":147,"column":8},"end":{"line":147,"column":20}},"33":{"start":{"line":150,"column":6},"end":{"line":162,"column":7}},"34":{"start":{"line":151,"column":8},"end":{"line":151,"column":72}},"35":{"start":{"line":152,"column":8},"end":{"line":152,"column":49}},"36":{"start":{"line":152,"column":35},"end":{"line":152,"column":47}},"37":{"start":{"line":154,"column":8},"end":{"line":154,"column":46}},"38":{"start":{"line":155,"column":8},"end":{"line":155,"column":40}},"39":{"start":{"line":155,"column":26},"end":{"line":155,"column":38}},"40":{"start":{"line":157,"column":8},"end":{"line":157,"column":25}},"41":{"start":{"line":158,"column":8},"end":{"line":161,"column":15}},"42":{"start":{"line":159,"column":10},"end":{"line":159,"column":53}},"43":{"start":{"line":159,"column":33},"end":{"line":159,"column":51}},"44":{"start":{"line":160,"column":10},"end":{"line":160,"column":29}},"45":{"start":{"line":164,"column":6},"end":{"line":164,"column":41}},"46":{"start":{"line":164,"column":29},"end":{"line":164,"column":41}},"47":{"start":{"line":166,"column":6},"end":{"line":166,"column":57}},"48":{"start":{"line":167,"column":6},"end":{"line":170,"column":9}},"49":{"start":{"line":168,"column":8},"end":{"line":168,"column":33}},"50":{"start":{"line":169,"column":8},"end":{"line":169,"column":13}},"51":{"start":{"line":186,"column":6},"end":{"line":186,"column":57}},"52":{"start":{"line":187,"column":6},"end":{"line":187,"column":68}},"53":{"start":{"line":188,"column":6},"end":{"line":188,"column":37}},"54":{"start":{"line":189,"column":6},"end":{"line":189,"column":81}},"55":{"start":{"line":190,"column":6},"end":{"line":190,"column":51}},"56":{"start":{"line":190,"column":27},"end":{"line":190,"column":51}},"57":{"start":{"line":191,"column":6},"end":{"line":191,"column":11}},"58":{"start":{"line":208,"column":6},"end":{"line":208,"column":57}},"59":{"start":{"line":209,"column":6},"end":{"line":209,"column":68}},"60":{"start":{"line":212,"column":6},"end":{"line":212,"column":83}},"61":{"start":{"line":228,"column":6},"end":{"line":231,"column":7}},"62":{"start":{"line":229,"column":8},"end":{"line":229,"column":23}},"63":{"start":{"line":230,"column":8},"end":{"line":230,"column":23}},"64":{"start":{"line":233,"column":6},"end":{"line":233,"column":57}},"65":{"start":{"line":234,"column":6},"end":{"line":234,"column":68}},"66":{"start":{"line":237,"column":6},"end":{"line":243,"column":9}},"67":{"start":{"line":240,"column":8},"end":{"line":240,"column":61}},"68":{"start":{"line":240,"column":49},"end":{"line":240,"column":61}},"69":{"start":{"line":241,"column":8},"end":{"line":241,"column":31}},"70":{"start":{"line":241,"column":16},"end":{"line":241,"column":31}},"71":{"start":{"line":242,"column":8},"end":{"line":242,"column":13}},"72":{"start":{"line":259,"column":6},"end":{"line":259,"column":57}},"73":{"start":{"line":260,"column":6},"end":{"line":260,"column":74}},"74":{"start":{"line":278,"column":8},"end":{"line":278,"column":28}},"75":{"start":{"line":278,"column":16},"end":{"line":278,"column":28}},"76":{"start":{"line":279,"column":8},"end":{"line":283,"column":9}},"77":{"start":{"line":280,"column":10},"end":{"line":280,"column":34}},"78":{"start":{"line":282,"column":10},"end":{"line":282,"column":22}},"79":{"start":{"line":301,"column":6},"end":{"line":301,"column":57}},"80":{"start":{"line":302,"column":6},"end":{"line":302,"column":68}},"81":{"start":{"line":305,"column":6},"end":{"line":308,"column":9}},"82":{"start":{"line":306,"column":8},"end":{"line":306,"column":51}},"83":{"start":{"line":306,"column":16},"end":{"line":306,"column":51}},"84":{"start":{"line":307,"column":8},"end":{"line":307,"column":29}},"85":{"start":{"line":324,"column":6},"end":{"line":324,"column":51}},"86":{"start":{"line":324,"column":30},"end":{"line":324,"column":50}},"87":{"start":{"line":326,"column":6},"end":{"line":326,"column":57}},"88":{"start":{"line":327,"column":6},"end":{"line":327,"column":68}},"89":{"start":{"line":330,"column":6},"end":{"line":333,"column":9}},"90":{"start":{"line":331,"column":8},"end":{"line":331,"column":51}},"91":{"start":{"line":331,"column":16},"end":{"line":331,"column":51}},"92":{"start":{"line":332,"column":8},"end":{"line":332,"column":26}},"93":{"start":{"line":348,"column":6},"end":{"line":348,"column":30}},"94":{"start":{"line":349,"column":6},"end":{"line":349,"column":57}},"95":{"start":{"line":350,"column":6},"end":{"line":350,"column":68}},"96":{"start":{"line":353,"column":6},"end":{"line":356,"column":9}},"97":{"start":{"line":354,"column":8},"end":{"line":354,"column":31}},"98":{"start":{"line":354,"column":16},"end":{"line":354,"column":31}},"99":{"start":{"line":355,"column":8},"end":{"line":355,"column":26}},"100":{"start":{"line":372,"column":6},"end":{"line":372,"column":30}},"101":{"start":{"line":373,"column":6},"end":{"line":373,"column":57}},"102":{"start":{"line":374,"column":6},"end":{"line":374,"column":68}},"103":{"start":{"line":377,"column":6},"end":{"line":380,"column":9}},"104":{"start":{"line":378,"column":8},"end":{"line":378,"column":51}},"105":{"start":{"line":378,"column":16},"end":{"line":378,"column":51}},"106":{"start":{"line":379,"column":8},"end":{"line":379,"column":26}},"107":{"start":{"line":395,"column":6},"end":{"line":395,"column":30}},"108":{"start":{"line":396,"column":6},"end":{"line":396,"column":57}},"109":{"start":{"line":397,"column":6},"end":{"line":397,"column":68}},"110":{"start":{"line":400,"column":6},"end":{"line":408,"column":9}},"111":{"start":{"line":401,"column":8},"end":{"line":401,"column":31}},"112":{"start":{"line":401,"column":16},"end":{"line":401,"column":31}},"113":{"start":{"line":404,"column":8},"end":{"line":407,"column":11}},"114":{"start":{"line":405,"column":10},"end":{"line":405,"column":33}},"115":{"start":{"line":405,"column":18},"end":{"line":405,"column":33}},"116":{"start":{"line":406,"column":10},"end":{"line":406,"column":28}},"117":{"start":{"line":423,"column":6},"end":{"line":423,"column":30}},"118":{"start":{"line":424,"column":6},"end":{"line":424,"column":57}},"119":{"start":{"line":425,"column":6},"end":{"line":425,"column":68}},"120":{"start":{"line":428,"column":6},"end":{"line":431,"column":9}},"121":{"start":{"line":429,"column":8},"end":{"line":429,"column":31}},"122":{"start":{"line":429,"column":16},"end":{"line":429,"column":31}},"123":{"start":{"line":430,"column":8},"end":{"line":430,"column":26}},"124":{"start":{"line":450,"column":6},"end":{"line":452,"column":7}},"125":{"start":{"line":451,"column":8},"end":{"line":451,"column":31}},"126":{"start":{"line":454,"column":6},"end":{"line":454,"column":57}},"127":{"start":{"line":455,"column":6},"end":{"line":455,"column":68}},"128":{"start":{"line":459,"column":6},"end":{"line":497,"column":13}},"129":{"start":{"line":473,"column":10},"end":{"line":473,"column":61}},"130":{"start":{"line":474,"column":10},"end":{"line":474,"column":76}},"131":{"start":{"line":475,"column":10},"end":{"line":475,"column":47}},"132":{"start":{"line":486,"column":10},"end":{"line":486,"column":42}},"133":{"start":{"line":486,"column":35},"end":{"line":486,"column":42}},"134":{"start":{"line":487,"column":10},"end":{"line":487,"column":61}},"135":{"start":{"line":488,"column":10},"end":{"line":490,"column":11}},"136":{"start":{"line":489,"column":12},"end":{"line":489,"column":133}},"137":{"start":{"line":491,"column":10},"end":{"line":491,"column":76}},"138":{"start":{"line":492,"column":10},"end":{"line":494,"column":11}},"139":{"start":{"line":493,"column":12},"end":{"line":493,"column":173}},"140":{"start":{"line":495,"column":10},"end":{"line":495,"column":37}},"141":{"start":{"line":514,"column":6},"end":{"line":514,"column":30}},"142":{"start":{"line":515,"column":6},"end":{"line":515,"column":57}},"143":{"start":{"line":516,"column":6},"end":{"line":516,"column":68}},"144":{"start":{"line":518,"column":6},"end":{"line":518,"column":41}},"145":{"start":{"line":524,"column":2},"end":{"line":524,"column":17}}},"branchMap":{"1":{"line":100,"type":"if","locations":[{"start":{"line":100,"column":6},"end":{"line":100,"column":6}},{"start":{"line":100,"column":6},"end":{"line":100,"column":6}}]},"2":{"line":101,"type":"if","locations":[{"start":{"line":101,"column":6},"end":{"line":101,"column":6}},{"start":{"line":101,"column":6},"end":{"line":101,"column":6}}]},"3":{"line":115,"type":"if","locations":[{"start":{"line":115,"column":8},"end":{"line":115,"column":8}},{"start":{"line":115,"column":8},"end":{"line":115,"column":8}}]},"4":{"line":145,"type":"if","locations":[{"start":{"line":145,"column":6},"end":{"line":145,"column":6}},{"start":{"line":145,"column":6},"end":{"line":145,"column":6}}]},"5":{"line":150,"type":"if","locations":[{"start":{"line":150,"column":6},"end":{"line":150,"column":6}},{"start":{"line":150,"column":6},"end":{"line":150,"column":6}}]},"6":{"line":152,"type":"if","locations":[{"start":{"line":152,"column":8},"end":{"line":152,"column":8}},{"start":{"line":152,"column":8},"end":{"line":152,"column":8}}]},"7":{"line":155,"type":"if","locations":[{"start":{"line":155,"column":8},"end":{"line":155,"column":8}},{"start":{"line":155,"column":8},"end":{"line":155,"column":8}}]},"8":{"line":159,"type":"if","locations":[{"start":{"line":159,"column":10},"end":{"line":159,"column":10}},{"start":{"line":159,"column":10},"end":{"line":159,"column":10}}]},"9":{"line":164,"type":"if","locations":[{"start":{"line":164,"column":6},"end":{"line":164,"column":6}},{"start":{"line":164,"column":6},"end":{"line":164,"column":6}}]},"10":{"line":190,"type":"if","locations":[{"start":{"line":190,"column":6},"end":{"line":190,"column":6}},{"start":{"line":190,"column":6},"end":{"line":190,"column":6}}]},"11":{"line":228,"type":"if","locations":[{"start":{"line":228,"column":6},"end":{"line":228,"column":6}},{"start":{"line":228,"column":6},"end":{"line":228,"column":6}}]},"12":{"line":240,"type":"if","locations":[{"start":{"line":240,"column":8},"end":{"line":240,"column":8}},{"start":{"line":240,"column":8},"end":{"line":240,"column":8}}]},"13":{"line":240,"type":"binary-expr","locations":[{"start":{"line":240,"column":11},"end":{"line":240,"column":14}},{"start":{"line":240,"column":18},"end":{"line":240,"column":47}}]},"14":{"line":241,"type":"if","locations":[{"start":{"line":241,"column":8},"end":{"line":241,"column":8}},{"start":{"line":241,"column":8},"end":{"line":241,"column":8}}]},"15":{"line":278,"type":"if","locations":[{"start":{"line":278,"column":8},"end":{"line":278,"column":8}},{"start":{"line":278,"column":8},"end":{"line":278,"column":8}}]},"16":{"line":306,"type":"if","locations":[{"start":{"line":306,"column":8},"end":{"line":306,"column":8}},{"start":{"line":306,"column":8},"end":{"line":306,"column":8}}]},"17":{"line":324,"type":"if","locations":[{"start":{"line":324,"column":6},"end":{"line":324,"column":6}},{"start":{"line":324,"column":6},"end":{"line":324,"column":6}}]},"18":{"line":331,"type":"if","locations":[{"start":{"line":331,"column":8},"end":{"line":331,"column":8}},{"start":{"line":331,"column":8},"end":{"line":331,"column":8}}]},"19":{"line":348,"type":"binary-expr","locations":[{"start":{"line":348,"column":16},"end":{"line":348,"column":23}},{"start":{"line":348,"column":27},"end":{"line":348,"column":29}}]},"20":{"line":354,"type":"if","locations":[{"start":{"line":354,"column":8},"end":{"line":354,"column":8}},{"start":{"line":354,"column":8},"end":{"line":354,"column":8}}]},"21":{"line":372,"type":"binary-expr","locations":[{"start":{"line":372,"column":16},"end":{"line":372,"column":23}},{"start":{"line":372,"column":27},"end":{"line":372,"column":29}}]},"22":{"line":378,"type":"if","locations":[{"start":{"line":378,"column":8},"end":{"line":378,"column":8}},{"start":{"line":378,"column":8},"end":{"line":378,"column":8}}]},"23":{"line":395,"type":"binary-expr","locations":[{"start":{"line":395,"column":16},"end":{"line":395,"column":23}},{"start":{"line":395,"column":27},"end":{"line":395,"column":29}}]},"24":{"line":401,"type":"if","locations":[{"start":{"line":401,"column":8},"end":{"line":401,"column":8}},{"start":{"line":401,"column":8},"end":{"line":401,"column":8}}]},"25":{"line":405,"type":"if","locations":[{"start":{"line":405,"column":10},"end":{"line":405,"column":10}},{"start":{"line":405,"column":10},"end":{"line":405,"column":10}}]},"26":{"line":423,"type":"binary-expr","locations":[{"start":{"line":423,"column":16},"end":{"line":423,"column":23}},{"start":{"line":423,"column":27},"end":{"line":423,"column":29}}]},"27":{"line":429,"type":"if","locations":[{"start":{"line":429,"column":8},"end":{"line":429,"column":8}},{"start":{"line":429,"column":8},"end":{"line":429,"column":8}}]},"28":{"line":450,"type":"if","locations":[{"start":{"line":450,"column":6},"end":{"line":450,"column":6}},{"start":{"line":450,"column":6},"end":{"line":450,"column":6}}]},"29":{"line":486,"type":"if","locations":[{"start":{"line":486,"column":10},"end":{"line":486,"column":10}},{"start":{"line":486,"column":10},"end":{"line":486,"column":10}}]},"30":{"line":488,"type":"if","locations":[{"start":{"line":488,"column":10},"end":{"line":488,"column":10}},{"start":{"line":488,"column":10},"end":{"line":488,"column":10}}]},"31":{"line":492,"type":"if","locations":[{"start":{"line":492,"column":10},"end":{"line":492,"column":10}},{"start":{"line":492,"column":10},"end":{"line":492,"column":10}}]},"32":{"line":514,"type":"binary-expr","locations":[{"start":{"line":514,"column":16},"end":{"line":514,"column":23}},{"start":{"line":514,"column":27},"end":{"line":514,"column":29}}]}},"code":["/*---------------------------------------------------------------","  :: sails-mongo","  -> adapter","---------------------------------------------------------------*/","","var util = require('util');","var async = require('async');","var _ = require('@sailshq/lodash');","var ObjectId = require('mongodb').ObjectID;","var Errors = require('waterline-errors').adapter;","var _runJoins = require('waterline-cursor');","var Connection = require('./connection');","var Collection = require('./collection');","var utils = require('./utils');","","","module.exports = (function() {","","  // Keep track of all the connections used by the app","  var connections = {};","","  var adapter = {","","    // Which type of primary key is used by default","    pkFormat: 'string',","","    // to track schema internally","    syncable: true,","","    // Expose all the connection options with default settings","    defaults: {","","","      // Connection Configuration","      host: 'localhost',","      database: 'sails',","      port: 27017,","      user: null,","      password: null,","      schema: false,","","","      // Allow a URL Config String","      url: null,","","","      // DB Options","      w: 1,","      wtimeout: 0,","      fsync: false,","      journal: false,","      readPreference: null,","      nativeParser: false,","      forceServerObjectId: false,","      recordQueryStats: false,","      retryMiliSeconds: 5000,","      numberOfRetries: 5,","","      // Server Options","      ssl: false,","      poolSize: 5,","      socketOptions: {","        noDelay: true,","        keepAlive: 0,","        connectTimeoutMS: 0,","        socketTimeoutMS: 0","      },","      auto_reconnect: true,","      disableDriverBSONSizeCheck: false,","      reconnectTries: 30, // defaults to mongodb recommended settings","      reconnectInterval: 1000, // defaults to mongodb recommended settings","","","      // Waterline NEXT","      // These are flags that can be toggled today and expose future features. If any of the following are turned","      // on the adapter tests will probably not pass. If you toggle these know what you are getting into.","      wlNext: {","","        // Case sensitive - false","        // In the next version of WL queries will be case sensitive by default.","        // Set this to true to experiment with that feature today.","        caseSensitive: false","","      }","","    },","","    /**","     * Register A Connection","     *","     * Will open up a new connection using the configuration provided and store the DB","     * object to run commands off of. This creates a new pool for each connection config.","     *","     * @param {Object} connection","     * @param {Object} collections","     * @param {Function} callback","     */","","    registerConnection: function(connection, collections, cb) {","      if(!connection.identity) return cb(Errors.IdentityMissing);","      if(connections[connection.identity]) return cb(Errors.IdentityDuplicate);","","      // Merging default options","      connection = _.defaults(connection, this.defaults);","","      // Store the connection","      connections[connection.identity] = {","        config: connection,","        collections: {}","      };","","      // Create a new active connection","      new Connection(connection, function(_err, db) {","","        if(_err) {","          return cb((function _createError(){","            var msg = util.format('Failed to connect to MongoDB.  Are you sure your configured Mongo instance is running?\\n Error details:\\n%s', util.inspect(_err, false, null));","            var err = new Error(msg);","            err.originalError = _err;","            return err;","          })());","        }","        connections[connection.identity].connection = db;","","        // Build up a registry of collections","        Object.keys(collections).forEach(function(key) {","          connections[connection.identity].collections[key] = new Collection(collections[key], db);","        });","","        cb();","      });","","    },","","    /**","     * Teardown","     *","     * Closes the connection pool and removes the connection object from the registry.","     *","     * @param {String} connectionName","     * @param {Function} callback","     */","","    teardown: function (conn, cb) {","      if (typeof conn == 'function') {","        cb = conn;","        conn = null;","      }","","      if (conn === null) {","        var _connections = _.pluck(_.values(connections), 'connection');","        if(!_connections.length) { return cb(); }","","        var dbs = _.pluck(_connections, 'db');","        if(!dbs.length) { return cb(); }","","        connections = {};","        return async.each(dbs, function (db, onClosed) {","          if(db === undefined) { return onClosed(); }","          db.close(onClosed);","        }, cb);","      }","","      if(!connections[conn]) return cb();","","      var dbConnection = connections[conn].connection.db;","      dbConnection.close(function () {","        delete connections[conn];","        cb();","      });","    },","","    /**","     * Describe","     *","     * Return the Schema of a collection after first creating the collection","     * and indexes if they don't exist.","     *","     * @param {String} connectionName","     * @param {String} collectionName","     * @param {Function} callback","     */","","    describe: function(connectionName, collectionName, cb) {","","      var connectionObject = connections[connectionName];","      var collection = connectionObject.collections[collectionName];","      var schema = collection.schema;","      var names = connectionObject.connection.db.listCollections(collectionName);","      if(names.length > 0) return cb(null, schema);","      cb();","","    },","","    /**","     * Define","     *","     * Create a new Mongo Collection and set Index Values","     *","     * @param {String} connectionName","     * @param {String} collectionName","     * @param {Object} definition","     * @param {Function} callback","     */","","    define: function(connectionName, collectionName, definition, cb) {","","      var connectionObject = connections[connectionName];","      var collection = connectionObject.collections[collectionName];","","      // Create the collection and indexes","      connectionObject.connection.createCollection(collectionName, collection, cb);","    },","","    /**","     * Drop","     *","     * Drop a Collection","     *","     * @param {String} connectionName","     * @param {String} collectionName","     * @param {Array} relations","     * @param {Function} callback","     */","","    drop: function(connectionName, collectionName, relations, cb) {","","      if(typeof relations === 'function') {","        cb = relations;","        relations = [];","      }","","      var connectionObject = connections[connectionName];","      var collection = connectionObject.collections[collectionName];","","      // Drop the collection and indexes","      connectionObject.connection.dropCollection(collectionName, function(err) {","","        // Don't error if droping a collection which doesn't exist","        if(err && err.errmsg === 'ns not found') return cb();","        if(err) return cb(err);","        cb();","      });","    },","","    /**","     * Native","     *","     * Give access to a native mongo collection object for running custom","     * queries.","     *","     * @param {String} connectionName","     * @param {String} collectionName","     * @param {Function} callback","     */","","    native: function(connectionName, collectionName, cb) {","","      var connectionObject = connections[connectionName];","      cb(null, connectionObject.connection.db.collection(collectionName));","","    },","","    /**","     * Mongo object with mongoDB native methods","     */","","    mongo: {","","      /**","       * ObjectId","       *","       * Return a Mongo ObjectID from a string","       *","       * @param {String} id","       */","      objectId: function(id){","        if(!id) return null;","        try {","          return new ObjectId(id);","        } catch(err) {","          return null;","        }","      }","","    },","","    /**","     * Create","     *","     * Insert a single document into a collection.","     *","     * @param {String} connectionName","     * @param {String} collectionName","     * @param {Object} data","     * @param {Function} callback","     */","","    create: function(connectionName, collectionName, data, cb) {","","      var connectionObject = connections[connectionName];","      var collection = connectionObject.collections[collectionName];","","      // Insert a new document into the collection","      collection.insert(data, function(err, results) {","        if(err) r
[...]
 schema, config) {","","  // Flag as an aggregate query or not","  this.aggregate = false;","","  // Cache the schema for use in parseTypes","  this.schema = schema;","","  // Hold the config object","  this.config = config || {};","","  // Check for Aggregate Options","  this.checkAggregate(options);","","  // Retrieve select fields from criteria","  if (options && typeof options === 'object' && options.select) {","    this.select = this.parseSelect(options.select);","    delete options.select;","  } else {","    this.select = {};","  }","","  // Normalize Criteria","  this.criteria = this.normalizeCriteria(options);","","  return this;","};","","/**"," * Check For Aggregates"," *"," * Checks the options to determine if an aggregate query is needed."," *"," * @param {Object} options"," * @api private"," */","","Query.prototype.checkAggregate = function checkAggregate(options) {","  var aggregateOptions = ['groupBy', 'sum', 'average', 'min', 'max'];","  var aggregates = _.intersection(aggregateOptions, Object.keys(options));","","  if(aggregates.length === 0) return options;","","  this.aggregateGroup = new Aggregate(options);","  this.aggregate = true;","};","","","/**"," * Normalize Criteria"," *"," * Transforms a Waterline Query into a query that can be used"," * with MongoDB. For example it sets '>' to $gt, etc."," *"," * @param {Object} options"," * @return {Object}"," * @api private"," */","","Query.prototype.normalizeCriteria = function normalizeCriteria(options) {","  \"use strict\";","  var self = this;","","  return _.mapValues(options, function (original, key) {","    if (key === 'where') return self.parseWhere(original);","    if (key === 'sort')  return self.parseSort(original);","    return original;","  });","};","","","/**"," * Parse Where"," *"," * <where> ::= <clause>"," *"," * @api private"," *"," * @param original"," * @returns {*}"," */","Query.prototype.parseWhere = function parseWhere(original) {","  \"use strict\";","  var self = this;","","  // Fix an issue with broken queries when where is null","  if(_.isNull(original)) return {};","","  return self.parseClause(original);","};","","","/**"," * Parse Clause"," *"," * <clause> ::= { <clause-pair>, ... }"," *"," * <clause-pair> ::= <field> : <expression>"," *                 | or|$or: [<clause>, ...]"," *                 | $or   : [<clause>, ...]"," *                 | $and  : [<clause>, ...]"," *                 | $nor  : [<clause>, ...]"," *                 | like  : { <field>: <expression>, ... }"," *"," * @api private"," *"," * @param original"," * @returns {*}"," */","Query.prototype.parseClause = function parseClause(original) {","  \"use strict\";","  var self = this;","","  return _.reduce(original, function parseClausePair(obj, val, key) {","    \"use strict\";","","    // Normalize `or` key into mongo $or","    if (key.toLowerCase() === 'or') key = '$or';","","    // handle Logical Operators","    if (['$or', '$and', '$nor'].indexOf(key) !== -1) {","      // Value of $or, $and, $nor require an array, else ignore","      if (_.isArray(val)) {","        val = _.map(val, function (clause) {","          return self.parseClause(clause);","        });","","        obj[key] = val;","      }","    }","","    // handle Like Operators for WQL (Waterline Query Language)","    else if (key.toLowerCase() === 'like') {","      // transform `like` clause into multiple `like` operator expressions","      _.extend(obj, _.reduce(val, function parseLikeClauses(likes, expression, field) {","        likes[field] = self.parseExpression(field, { like: expression });","        return likes;","      }, {}));","    }","","    // Default","    else {","      val = self.parseExpression(key, val);","","      // Normalize `id` key into mongo `_id`","      if (key === 'id' && !hop(this, '_id')) key = '_id';","","      obj[key] = val;","    }","","    return obj;","  }, {}, original);","};","","","/**"," * Parse Expression"," *"," * <expression> ::= { <!|not>: <value> | [<value>, ...] }"," *                | { <$not>: <expression>, ... }"," *                | { <modifier>: <value>, ... }"," *                | [<value>, ...]"," *                | <value>",""," * @api private"," *"," * @param field"," * @param expression"," * @returns {*}"," */","Query.prototype.parseExpression = function parseExpression(field, expression) {","  \"use strict\";","  var self = this;","","  // Recursively parse nested unless value is a date","  if (_.isPlainObject(expression) && !_.isDate(expression)) {","    return _.reduce(expression, function (obj, val, modifier) {","","      // Handle `not` by transforming to $not, $ne or $nin","      if (modifier === '!' || modifier.toLowerCase() === 'not') {","","        if (_.isPlainObject(val) && !_.has(val, '_bsontype')) {","          obj['$not'] = self.parseExpression(field, val);","          return obj;","        }","","        modifier = _.isArray(val) ? '$nin' : '$ne';","        val = self.parseValue(field, modifier, val);","        obj[modifier] = val;","        return obj;","      }","","      // WQL Evaluation Modifiers for String","      if (_.isString(val)) {","        // Handle `contains` by building up a case insensitive regex","        if(modifier === 'contains') {","          val = utils.caseInsensitive(val);","          val =  '[\\\\s\\\\S]*' + val + '[\\\\s\\\\S]*';","          obj['$regex'] = new RegExp('^' + val + '$', 'i');","          return obj;","        }","","        // Handle `like`","        if(modifier === 'like') {","          val = utils.caseInsensitive(val);","          val = val.replace(/%/g, '[\\\\s\\\\S]*');","          obj['$regex'] = new RegExp('^' + val + '$', 'i');","          return obj;","        }","","        // Handle `startsWith` by setting a case-insensitive regex","        if(modifier === 'startsWith') {","          val = utils.caseInsensitive(val);","          val =  val + '[\\\\s\\\\S]*';","          obj['$regex'] = new RegExp('^' + val + '$', 'i');","          return obj;","        }","","        // Handle `endsWith` by setting a case-insensitive regex","        if(modifier === 'endsWith') {","          val = utils.caseInsensitive(val);","          val =  '[\\\\s\\\\S]*' + val;","          obj['$regex'] = new RegExp('^' + val + '$', 'i');","          return obj;","        }","      }","","      // Handle `lessThan` by transforming to $lt","      if(modifier === '<' || modifier === 'lessThan' || modifier.toLowerCase() === 'lt') {","        obj['$lt'] = self.parseValue(field, modifier, val);","        return obj;","      }","","      // Handle `lessThanOrEqual` by transforming to $lte","      if(modifier === '<=' || modifier === 'lessThanOrEqual' || modifier.toLowerCase() === 'lte') {","        obj['$lte'] = self.parseValue(field, modifier, val);","        return obj;","      }","","      // Handle `greaterThan` by transforming to $gt","      if(modifier === '>' || modifier === 'greaterThan' || modifier.toLowerCase() === 'gt') {","        obj['$gt'] = self.parseValue(field, modifier, val);","        return obj;","      }","","      // Handle `greaterThanOrEqual` by transforming to $gte","      if(modifier === '>=' || modifier === 'greaterThanOrEqual' || modifier.toLowerCase() === 'gte') {","        obj['$gte'] = self.parseValue(field, modifier, val);","        return obj;","      }","","      obj[modifier] = self.parseValue(field, modifier, val);","      return obj;","    }, {});","  }","","  // <expression> ::= [value, ...], normalize array into mongo $in operator expression","  if (_.isArray(expression)) {","    return { $in: self.parseValue(field, '$in', expression) };","  }","","  // <expression> ::= <value>, default equal expression","  return self.parseValue(field, undefined, expression);","};","","","/**"," * Parse Value"," *"," * <value> ::= RegExp | Number | String"," *           | [<value>, ...]"," *           | <plain object>"," *"," * @api private"," *"," * @param field"," * @param modifier"," * @param val"," * @returns {*}"," */","Query.prototype.parseValue = function parseValue(field, modifier, val) {","  \"use strict\";","  var self = this;","","  // Omit adding regex value to these modifiers","  var omitRegExModifiers = ['$ne', 'greaterThan', '>', 'gt', 'greaterThanOrEqual',","                            '>=', 'gte', '$gt', '$gte', '<', 'lessThan', '<=',","                            'lessThanOrEqual'","                           ];","","  // Look and see if the key is in the schema, id attribute and all association","  // attributes are objectid type by default (@see { @link collection._parseDefinition }).","  if (hop(self.schema, field) && self.schema[field].type === 'objectid') {","","    // Check for array of Mongo ObjectId","    // If we have an array of IDs, attempt to make ObjectIds out of them.","    if (_.isArray(val)) {","      return _.map(val, function (item) {","        return _.isString(item) && utils.matchMongoId(item) ? new ObjectId(item) : item;","      });","    }","","    // Check for Mongo ObjectId","    if (_.isString(val) && utils.matchMongoId(val)) {","      return new ObjectId(val.toString());","    }","","  }","","  if(_.isString(val)) {","","    // If we can verify that the field is NOT a string type, translate","    // certain values into booleans, date or null.  Otherwise they'll be left","    // as strings.","    if (hop(self.schema, field) && self.schema[field].type != 'string') {","","      if(self.schema[field].type === 'integer'){","        return parseInt(val);","      }","","      if(self.schema[field].type === 'float'){","        return parseFloat(val);","      }","","      if (val === \"false\") {","        return false;","      }","","      if (val === \"true\") {","        return true;","      }","","      if (val === \"null\") {","        return null;","      }","","      if (self.schema[field].type === 'datetime') {","        return new Date(val);","      }","","      if (self.schema[field].type === 'date') {","        return new Date(val);","      }","","    }","","    if (omitRegExModifiers.indexOf(modifier) > -1) {","      return val;","    }","","","    // Only if it's not mongodbID, for most of case usage would like:","    // user.find('56173df732776c64852f8c91')","    //","    // Turn wlNext.caseSensitive flag to `true` to enable case sensitive requests when there is no modifier","    if(!validator.isMongoId(val) && !this.config.caseSensitive){","      // Replace Percent Signs, work in a case insensitive fashion by default","      val = utils.caseInsensitive(val);","      val = val.replace(/%/g, '[\\\\s\\\\S]*');","      val = new RegExp('^' + val + '$', 'i');","    }","","    return val;","  }","","  // Array, RegExp, plain object, number","  return val;","};","","","/**"," * Parse Sort"," *"," * @param original"," * @returns {*}"," */","Query.prototype.parseSort = function parseSort(original) {","  \"use strict\";","  return _.reduce(original, function (sort, order, field) {","    // Normalize id, if used, into _id","    if (field === 'id') field = '_id';","","    // Handle Sorting Order with binary or -1/1 values","    sort[field] = ([0, -1].indexOf(order) > -1) ? -1 : 1;","","    return sort;","  }, {});","};","/**"," *"," * Parse Select"," *"," * @param original"," * @returns {*}"," */","Query.prototype.parseSelect = function parseSelect(original) {","  var select = {};","","  _.each(original, function (field) {","    select[field] = 1;","  });","","  return select;","};",""],"l":{"6":1,"7":1,"8":1,"9":1,"10":1,"11":1,"23":1,"26":0,"29":0,"32":0,"35":0,"38":0,"39":0,"40":0,"42":0,"46":0,"48":0,"60":1,"61":0,"62":0,"64":0,"66":0,"67":0,"82":1,"84":0,"86":0,"87":0,"88":0,"89":0,"104":1,"106":0,"109":0,"111":0,"132":1,"134":0,"136":0,"140":0,"143":0,"145":0,"146":0,"147":0,"150":0,"155":0,"157":0,"158":0,"159":0,"165":0,"168":0,"170":0,"173":0,"193":1,"195":0,"198":0,"199":0,"202":0,"204":0,"205":0,"206":0,"209":0,"210":0,"211":0,"212":0,"216":0,"218":0,"219":0,"220":0,"221":0,"222":0,"226":0,"227":0,"228":0,"229":0,"230":0,"234":0,"235":0,"236":0,"237":0,"238":0,"242":0,"243":0,"244":0,"245":0,"246":0,"251":0,"252":0,"253":0,"257":0,"258":0,"259":0,"263":0,"264":0,"265":0,"269":0,"270":0,"271":0,"274":0,"275":0,"280":0,"281":0,"285":0,"303":1,"305":0,"308":0,"315":0,"319":0,"320":0,"321":0,"326":0,"327":0,"332":0,"337":0,"339":0,"340":0,"343":0,"344":0,"347":0,"348":0,"351":0,"352":0,"355":0,"356":0,"359":0,"360":0,"363":0,"364":0,"369":0,"370":0,"378":0,"380":0,"381":0,"382":0,"385":0,"389":0,"399":1,"401":0,"403":0,"406":0,"408":0,"418":1,"419":0,"421":0,"422":0,"425":0}},"/home/travis/build/npmtest/node-npmtest-sails-mongo/node_modules/sails-mongo/lib/query/aggregate.js":{"path":"/home/travis/build/npmtest/node-npmtest-sails-mongo/node_modules/sails-mongo/lib/query/aggregate.js","s":{"1":1,"2":1,"3":0,"4":0,"5":0,"6":1,"7":0,"8":0,"9":0,"10":0,"11":0,"12":0,"13":0,"14":0,"15":0,"16":0,"17":0,"18":0,"19":0,"20":0,"21":0,"22":0,"23":1,"24":0,"25":0,"26":0,"27":0,"28":0,"29":0,"30":0,"31":0},"b":{"1":[0,0],"2":[0,0,0,0],"3":[0,0],"4":[0,0],"5":[0,0],"6":[0,0],"7":[0,0],"8":[0,0]},"f":{"1":0,"2":0,"3":0,"4":0,"5":0,"6":0,"7":0,"8":0},"fnMap":{"1":{"name":"Aggregate","line":16,"loc":{"start":{"line":16,"column":33},"end":{"line":16,"column":61}}},"2":{"name":"build","line":37,"loc":{"start":{"line":37,"column":28},"end":{"line":37,"column":52}}},"3":{"name":"(anonymous_3)","line":52,"loc":{"start":{"line":52,"column":24},"end":{"line":52,"column":38}}},"4":{"name":"(anonymous_4)","line":58,"loc":{"start":{"line":58,"column":28},"end":{"line":58,"column":42}}},"5":{"name":"(anonymous_5)","line":64,"loc":{"start":{"line":64,"column":24},"end":{"line":64,"column":38}}},"6":{"name":"(anonymous_6)","line":70,"loc":{"start":{"line":70,"column":24},"end":{"line":70,"column":38}}},"7":{"name":"groupBy","line":85,"loc":{"start":{"line":85,"column":30},"end":{"line":85,"column":56}}},"8":{"name":"(anonymous_8)","line":91,"loc":{"start":{"line":91,"column":26},"end":{"line":91,"column":40}}}},"statementMap":{"1":{"start":{"line":5,"column":0},"end":{"line":5,"column":49}},"2":{"start":{"line":16,"column":0},"end":{"line":25,"column":2}},"3":{"start":{"line":19,"column":2},"end":{"line":19,"column":18}},"4":{"start":{"line":22,"column":2},"end":{"line":22,"column":22}},"5":{"start":{"line":24,"column":2},"end":{"line":24,"column":20}},"6":{"start":{"line":37,"column":0},"end":{"line":74,"column":2}},"7":{"start":{"line":38,"column":2},"end":{"line":40,"column":24}},"8":{"start":{"line":43,"column":2},"end":{"line":45,"column":3}},"9":{"start":{"line":44,"column":4},"end":{"line":44,"column":32}},"10":{"start":{"line":48,"column":2},"end":{"line":48,"column":46}},"11":{"start":{"line":51,"column":2},"end":{"line":55,"column":3}},"12":{"start":{"line":52,"column":4},"end":{"line":54,"column":7}},"13":{"start":{"line":53,"column":6},"end":{"line":53,"column":46}},"14":{"start":{"line":57,"column":2},"end":{"line":61,"column":3}},"15":{"start":{"line":58,"column":4},"end":{"line":60,"column":7}},"16":{"start":{"line":59,"column":6},"end":{"line":59,"column":46}},"17":{"start":{"line":63,"column":2},"end":{"line":67,"column":3}},"18":{"start":{"line":64,"column":4},"end":{"line":66,"column":7}},"19":{"start":{"line":65,"column":6},"end":{"line":65,"column":46}},"20":{"start":{"line":69,"column":2},"end":{"line":73,"column":3}},"21":{"start":{"line":70,"column":4},"end":{"line":72,"column":7}},"22":{"start":{"line":71,"column":6},"end":{"line":71,"column":46}},"23":{"start":{"line":85,"column":0},"end":{"line":96,"column":2}},"24":{"start":{"line":86,"column":2},"end":{"line":86,"column":17}},"25":{"start":{"line":88,"column":2},"end":{"line":88,"column":35}},"26":{"start":{"line":88,"column":23},"end":{"line":88,"column":35}},"27":{"start":{"line":89,"column":2},"end":{"line":89,"column":50}},"28":{"start":{"line":89,"column":38},"end":{"line":89,"column":50}},"29":{"start":{"line":91,"column":2},"end":{"line":93,"column":5}},"30":{"start":{"line":92,"column":4},"end":{"line":92,"column":27}},"31":{"start":{"line":95,"column":2},"end":{"line":95,"column":15}}},"branchMap":{"1":{"line":43,"type":"if","locations":[{"start":{"line":43,"column":2},"end":{"line":43,"column":2}},{"start":{"line":43,"column":2},"end":{"line":43,"column":2}}]},"2":{"line":43,"type":"binary-expr","locations":[{"start":{"line":43,"column":5},"end":{"line":43,"column":17}},{"start":{"line":43,"column":21},"end":{"line":43,"column":37}},{"start":{"line":43,"column":41},"end":{"line":43,"column":53}},{"start":{"line":43,"column":57},"end":{"line":43,"column":69}}]},"3":{"line":51,"type":"if","locations":[{"start":{"line":51,"column":2},"end":{"line":51,"column":2}},{"start":{"line":51,"column":2},"end":{"line":51,"column":2}}]},"4":{"line":57,"type":"if","locations":[{"start":{"line":57,"column":2},"end":{"line":57,"column":2}},{"start":{"line":57,"column":2},"end":{"line":57,"column":2}}]},"5":{"line":63,"type":"if","locations":[{"start":{"line":63,"column":2},"end":{"line":63,"column":2}},{"start":{"line":63,"column":2},"end":{"line":63,"column":2}}]},"6":{"line":69,"type":"if","locations":[{"start":{"line":69,"column":2},"end":{"line":69,"column":2}},{"start":{"line":69,"column":2},"end":{"line":69,"column":2}}]},"7":{"line":88,"type":"if","locations":[{"start":{"line":88,"column":2},"end":{"line":88,"column":2}},{"start":{"line":88,"column":2},"end":{"line":88,"column":2}}]},"8":{"line":89,"type":"if","locations":[{"start":{"line":89,"column":2},"end":{"line":89,"column":2}},{"start":{"line":89,"column":2},"end":{"line":89,"column":2}}]}},"code":["/**"," * Module dependencies"," */","","var Errors = require('waterline-errors').adapter;","","/**"," * Aggregate Constructor"," *"," * Generates aggregation objects for use with the Mongo Aggregation pipeline."," *"," * @param {Object} options"," * @api private"," */","","var Aggregate = module.exports = function Aggregate(options) {","","  // Hold the criteria","  this.group = {};","","  // Build the group phase for an aggregation","  this.build(options);","","  return this.group;","};","","/**"," * Build"," *"," * Builds up an aggregate query criteria object from a"," * Waterline criteria object."," *"," * @param {Object} options"," * @api private"," */","","Aggregate.prototype.build = function build(options) {","  var self = this,","      aggregateGroup = {},","      aggregations = [];","","  // Check if we have calculations to do","  if(!options.sum && !options.average && !options.min && !options.max) {","    throw Errors.InvalidGroupBy;","  }","","  // Create the beginnings of the $group aggregation phase","  this.group = { _id: this.groupBy(options) };","","  // Build up the group for the $group aggregation phase","  if(Array.isArray(options.sum)) {","    options.sum.forEach(function(opt) {","      self.group[opt] = { '$sum': '$' + opt };","    });","  }","","  if(Array.isArray(options.average)) {","    options.average.forEach(function(opt) {","      self.group[opt] = { '$avg': '$' + opt };","    });","  }","","  if(Array.isArray(options.min)) {","    options.min.forEach(function(opt) {","      self.group[opt] = { '$min': '$' + opt };","    });","  }","","  if(Array.isArray(options.max)) {","    options.max.forEach(function(opt) {","      self.group[opt] = { '$max': '$' + opt };","    });","  }","};","","/**"," * Group By"," *"," * Builds up the aggregation _id $group phase."," *"," * @param {Object} options"," * @api private"," */","","Aggregate.prototype.groupBy = function groupBy(options) {","  var group = {};","","  if(!options.groupBy) return null;","  if(!Array.isArray(options.groupBy)) return null;","","  options.groupBy.forEach(function(key) {","    group[key] = '$' + key;","  });","","  return group;","};",""],"l":{"5":1,"16":1,"19":0,"22":0,"24":0,"37":1,"38":0,"43":0,"44":0,"48":0,"51":0,"52":0,"53":0,"57":0,"58":0,"59":0,"63":0,"64":0,"65":0,"69":0,"70":0,"71":0,"85":1,"86":0,"88":0,"89":0,"91":0,"92":0,"95":0}}}